2026-02-07 02:04:24 | config_loader             | INFO     | Loading configuration from: He+2p.yaml

ÔĽÉÔĽÉÔĽÉÔĽÉÔĽÉÔĽÉÔĽÉÔĽÉÔĽÉÔĽÉÔĽÉÔĽÉÔĽÉÔĽÉÔĽÉÔĽÉÔĽÉÔĽÉÔĽÉÔĽÉÔĽÉÔĽÉÔĽÉÔĽÉÔĽÉÔĽÉÔĽÉÔĽÉÔĽÉÔĽÉÔĽÉÔĽÉÔĽÉÔĽÉÔĽÉÔĽÉÔĽÉÔĽÉÔĽÉÔĽÉÔĽÉÔĽÉÔĽÉÔĽÉÔĽÉÔĽÉÔĽÉÔĽÉÔĽÉÔĽÉ
  BATCH MODE: He+2p
ÔĽÉÔĽÉÔĽÉÔĽÉÔĽÉÔĽÉÔĽÉÔĽÉÔĽÉÔĽÉÔĽÉÔĽÉÔĽÉÔĽÉÔĽÉÔĽÉÔĽÉÔĽÉÔĽÉÔĽÉÔĽÉÔĽÉÔĽÉÔĽÉÔĽÉÔĽÉÔĽÉÔĽÉÔĽÉÔĽÉÔĽÉÔĽÉÔĽÉÔĽÉÔĽÉÔĽÉÔĽÉÔĽÉÔĽÉÔĽÉÔĽÉÔĽÉÔĽÉÔĽÉÔĽÉÔĽÉÔĽÉÔĽÉÔĽÉÔĽÉ
  Config: He+2p.yaml
  Type: excitation
  Target: He+
ÔĽÉÔĽÉÔĽÉÔĽÉÔĽÉÔĽÉÔĽÉÔĽÉÔĽÉÔĽÉÔĽÉÔĽÉÔĽÉÔĽÉÔĽÉÔĽÉÔĽÉÔĽÉÔĽÉÔĽÉÔĽÉÔĽÉÔĽÉÔĽÉÔĽÉÔĽÉÔĽÉÔĽÉÔĽÉÔĽÉÔĽÉÔĽÉÔĽÉÔĽÉÔĽÉÔĽÉÔĽÉÔĽÉÔĽÉÔĽÉÔĽÉÔĽÉÔĽÉÔĽÉÔĽÉÔĽÉÔĽÉÔĽÉÔĽÉÔĽÉ

2026-02-07 02:04:24 | driver                    | INFO     | Config updated: method: advancedÔćĺfull_split, n_workers: autoÔćĺmax
2026-02-07 02:04:24 | __main__                  | INFO     | Energy Grid     | 27 points (10.7 - 300.0 eV)
2026-02-07 02:04:24 | __main__                  | INFO     | Grid Strategy   | LOCAL (per-energy adaptive)
2026-02-07 02:04:24 | __main__                  | INFO     | Grid Initial    | E_min=10.7 eV: r_max=200.0 a.u., n_points=1000
2026-02-07 02:04:24 | __main__                  | INFO     | Target Prep     | Pre-calculating bound states...
2026-02-07 02:04:24 | __main__                  | INFO     | Threshold       | 40.82 eV
2026-02-07 02:04:24 | __main__                  | DEBUG    | Pilot explicit L_max: L_proj=30, L_int=8
2026-02-07 02:04:24 | __main__                  | DEBUG    | Grid scaled for E=1000eV: n_points 1000Ôćĺ5735 (k=8.57, ╬╗=0.73)
2026-02-07 02:04:24 | __main__                  | INFO     | Pilot Calibrate | E=1000 eV: r_max=200.0 a.u., n_points=5735, L_proj=30
2026-02-07 02:04:24 | driver                    | DEBUG    | L_max=30 (user) may be insufficient for convergence (L_dynamic=73). Increase if results unstable.
2026-02-07 02:04:24 | driver                    | DEBUG    | Auto-L: E=1000.0 eV (k=8.57, r_max=200) -> L_max_proj=30 (turning_pt=685)
2026-02-07 02:04:24 | driver                    | DEBUG    | L_max=30 limited by turning point (need r_max~50 for L=73).
2026-02-07 02:04:25 | driver                    | INFO     | Calculation Start | Mode: GPU | L_max_proj: 30
2026-02-07 02:04:25 | driver                    | INFO     | Numerical Config  | Method: full_split | CPU Workers: 16
2026-02-07 02:04:25 | driver                    | INFO     | Hardware          | Platform: GPU (CuPy) | Memory: auto | Block: full-matrix
2026-02-07 02:04:25 | driver                    | DEBUG    | Pre-calc: Solving continuum waves in parallel (CPU)...
2026-02-07 02:04:26 | continuum                 | DEBUG    | No ideal match point found for L=0, k=8.573; using fallback idx=4014 (r=1.29, r_turn_safe=0.00, r_coulomb_min=0.04)
2026-02-07 02:04:26 | continuum                 | DEBUG    | No ideal match point found for L=1, k=8.573; using fallback idx=4014 (r=1.29, r_turn_safe=0.41, r_coulomb_min=0.35)
2026-02-07 02:04:26 | continuum                 | DEBUG    | L=1: Starting at idx=3277 (r=0.15) due to barrier
2026-02-07 02:04:26 | continuum                 | DEBUG    | No ideal match point found for L=2, k=8.573; using fallback idx=4014 (r=1.29, r_turn_safe=0.71, r_coulomb_min=0.70)
2026-02-07 02:04:26 | continuum                 | DEBUG    | L=2: Starting at idx=3464 (r=0.26) due to barrier
2026-02-07 02:04:26 | continuum                 | DEBUG    | L=2: Using WKB initial conditions (S0=5.06, ╬║=2.2504)
2026-02-07 02:04:26 | continuum                 | DEBUG    | No ideal match point found for L=3, k=8.573; using fallback idx=4014 (r=1.29, r_turn_safe=1.01, r_coulomb_min=1.05)
2026-02-07 02:04:26 | continuum                 | DEBUG    | L=3: Starting at idx=3582 (r=0.36) due to barrier
2026-02-07 02:04:26 | continuum                 | DEBUG    | L=3: Using WKB initial conditions (S0=9.43, ╬║=3.0716)
2026-02-07 02:04:26 | continuum                 | DEBUG    | No ideal match point found for L=4, k=8.573; using fallback idx=4047 (r=1.42, r_turn_safe=1.30, r_coulomb_min=1.40)
2026-02-07 02:04:26 | continuum                 | DEBUG    | L=4: Starting at idx=3669 (r=0.47) due to barrier
2026-02-07 02:04:26 | continuum                 | DEBUG    | L=4: Using WKB initial conditions (S0=11.69, ╬║=3.4187)
2026-02-07 02:04:26 | continuum                 | DEBUG    | No ideal match point found for L=5, k=8.573; using fallback idx=4123 (r=1.78, r_turn_safe=1.60, r_coulomb_min=1.75)
2026-02-07 02:04:26 | continuum                 | DEBUG    | L=5: Starting at idx=3739 (r=0.58) due to barrier
2026-02-07 02:04:26 | continuum                 | DEBUG    | L=5: Using WKB initial conditions (S0=12.54, ╬║=3.5418)
2026-02-07 02:04:26 | continuum                 | DEBUG    | No ideal match point found for L=7, k=8.573; using fallback idx=4238 (r=2.49, r_turn_safe=2.18, r_coulomb_min=2.45)
2026-02-07 02:04:26 | continuum                 | DEBUG    | No ideal match point found for L=6, k=8.573; using fallback idx=4185 (r=2.13, r_turn_safe=1.89, r_coulomb_min=2.10)
2026-02-07 02:04:26 | continuum                 | DEBUG    | L=7: Starting at idx=3845 (r=0.79) due to barrier
2026-02-07 02:04:26 | continuum                 | DEBUG    | L=6: Starting at idx=3796 (r=0.68) due to barrier
2026-02-07 02:04:26 | continuum                 | DEBUG    | L=7: Using WKB initial conditions (S0=14.17, ╬║=3.7642)
2026-02-07 02:04:26 | continuum                 | DEBUG    | L=6: Using WKB initial conditions (S0=13.57, ╬║=3.6838)
2026-02-07 02:04:26 | continuum                 | DEBUG    | No ideal match point found for L=8, k=8.573; using fallback idx=4283 (r=2.84, r_turn_safe=2.47, r_coulomb_min=2.80)
2026-02-07 02:04:26 | continuum                 | DEBUG    | L=8: Starting at idx=3888 (r=0.89) due to barrier
2026-02-07 02:04:26 | continuum                 | DEBUG    | L=8: Using WKB initial conditions (S0=14.50, ╬║=3.8080)
2026-02-07 02:04:26 | continuum                 | DEBUG    | No ideal match point found for L=9, k=8.573; using fallback idx=4324 (r=3.20, r_turn_safe=2.77, r_coulomb_min=3.15)
2026-02-07 02:04:26 | continuum                 | DEBUG    | L=9: Starting at idx=3926 (r=1.00) due to barrier
2026-02-07 02:04:26 | continuum                 | DEBUG    | L=9: Using WKB initial conditions (S0=14.83, ╬║=3.8512)
2026-02-07 02:04:26 | continuum                 | DEBUG    | No ideal match point found for L=10, k=8.573; using fallback idx=4360 (r=3.56, r_turn_safe=3.06, r_coulomb_min=3.50)
2026-02-07 02:04:26 | continuum                 | DEBUG    | L=10: Starting at idx=3960 (r=1.10) due to barrier
2026-02-07 02:04:26 | continuum                 | DEBUG    | L=10: Using WKB initial conditions (S0=15.18, ╬║=3.8962)
2026-02-07 02:04:26 | continuum                 | DEBUG    | No ideal match point found for L=12, k=8.573; using fallback idx=4422 (r=4.27, r_turn_safe=3.64, r_coulomb_min=4.20)
2026-02-07 02:04:26 | continuum                 | DEBUG    | L=12: Starting at idx=4020 (r=1.31) due to barrier
2026-02-07 02:04:26 | continuum                 | DEBUG    | No ideal match point found for L=11, k=8.573; using fallback idx=4392 (r=3.91, r_turn_safe=3.35, r_coulomb_min=3.85)
2026-02-07 02:04:26 | continuum                 | DEBUG    | L=12: Using WKB initial conditions (S0=15.29, ╬║=3.9107)
2026-02-07 02:04:26 | continuum                 | DEBUG    | L=11: Starting at idx=3991 (r=1.21) due to barrier
2026-02-07 02:04:26 | continuum                 | DEBUG    | L=11: Using WKB initial conditions (S0=15.41, ╬║=3.9259)
2026-02-07 02:04:27 | continuum                 | DEBUG    | No ideal match point found for L=13, k=8.573; using fallback idx=4449 (r=4.62, r_turn_safe=3.93, r_coulomb_min=4.55)
2026-02-07 02:04:27 | continuum                 | DEBUG    | L=13: Starting at idx=4046 (r=1.42) due to barrier
2026-02-07 02:04:27 | continuum                 | DEBUG    | L=13: Using WKB initial conditions (S0=15.57, ╬║=3.9457)
2026-02-07 02:04:27 | continuum                 | DEBUG    | No ideal match point found for L=14, k=8.573; using fallback idx=4474 (r=4.97, r_turn_safe=4.23, r_coulomb_min=4.90)
2026-02-07 02:04:27 | continuum                 | DEBUG    | L=14: Starting at idx=4070 (r=1.52) due to barrier
2026-02-07 02:04:27 | continuum                 | DEBUG    | L=14: Using WKB initial conditions (S0=15.89, ╬║=3.9857)
2026-02-07 02:04:27 | continuum                 | DEBUG    | No ideal match point found for L=15, k=8.573; using fallback idx=4498 (r=5.34, r_turn_safe=4.52, r_coulomb_min=5.25)
2026-02-07 02:04:27 | continuum                 | DEBUG    | L=15: Starting at idx=4093 (r=1.63) due to barrier
2026-02-07 02:04:27 | continuum                 | DEBUG    | L=15: Using WKB initial conditions (S0=15.85, ╬║=3.9818)
2026-02-07 02:04:27 | continuum                 | DEBUG    | No ideal match point found for L=3, k=8.573; using fallback idx=4014 (r=1.29, r_turn_safe=1.01, r_coulomb_min=1.05)
2026-02-07 02:04:27 | continuum                 | DEBUG    | L=3: Phase methods disagree: LD=1.0444, LSQ=1.8759, diff=0.8315 rad. Using LSQ (more accurate).
2026-02-07 02:04:27 | continuum                 | DEBUG    | Phase unstable for L=3: ╬┤_ld varies by 0.5259 rad
2026-02-07 02:04:27 | continuum                 | DEBUG    | L=  3 [Rk45/lsq] r_m=1.3 Y_m=4.2990 ╬┤=+1.8759 A=1.18e-20
2026-02-07 02:04:27 | continuum                 | DEBUG    | ContinuumWave created | l=3, k=8.573 | chi_size=5735, idx_match=4014, grid_size=5735
2026-02-07 02:04:27 | continuum                 | DEBUG    | No ideal match point found for L=16, k=8.573; using fallback idx=4520 (r=5.69, r_turn_safe=4.81, r_coulomb_min=5.60)
2026-02-07 02:04:27 | continuum                 | DEBUG    | L=16: Starting at idx=4115 (r=1.74) due to barrier
2026-02-07 02:04:27 | continuum                 | DEBUG    | L=16: Using WKB initial conditions (S0=15.59, ╬║=3.9481)
2026-02-07 02:04:27 | continuum                 | DEBUG    | No ideal match point found for L=1, k=8.573; using fallback idx=4014 (r=1.29, r_turn_safe=0.41, r_coulomb_min=0.35)
2026-02-07 02:04:27 | continuum                 | DEBUG    | L=1: Phase methods disagree: LD=1.5620, LSQ=2.2822, diff=0.7202 rad. Using LSQ (more accurate).
2026-02-07 02:04:27 | continuum                 | DEBUG    | Phase unstable for L=1: ╬┤_ld varies by 0.2275 rad
2026-02-07 02:04:27 | continuum                 | DEBUG    | L=  1 [Rk45/lsq] r_m=1.3 Y_m=3.8053 ╬┤=+2.2822 A=9.82e-21
2026-02-07 02:04:27 | continuum                 | DEBUG    | ContinuumWave created | l=1, k=8.573 | chi_size=5735, idx_match=4014, grid_size=5735
2026-02-07 02:04:27 | continuum                 | DEBUG    | No ideal match point found for L=17, k=8.573; using fallback idx=4541 (r=6.05, r_turn_safe=5.10, r_coulomb_min=5.95)
2026-02-07 02:04:27 | continuum                 | DEBUG    | L=17: Starting at idx=4135 (r=1.84) due to barrier
2026-02-07 02:04:27 | continuum                 | DEBUG    | L=17: Using WKB initial conditions (S0=15.70, ╬║=3.9624)
2026-02-07 02:04:27 | continuum                 | DEBUG    | No ideal match point found for L=0, k=8.573; using fallback idx=4014 (r=1.29, r_turn_safe=0.00, r_coulomb_min=0.04)
2026-02-07 02:04:27 | continuum                 | DEBUG    | L=0: Phase methods disagree: LD=-0.9705, LSQ=1.8459, diff=2.8164 rad. Using LSQ (more accurate).
2026-02-07 02:04:27 | continuum                 | DEBUG    | Phase unstable for L=0: ╬┤_ld varies by 0.3592 rad
2026-02-07 02:04:27 | continuum                 | DEBUG    | L=  0 [Rk45/lsq] r_m=1.3 Y_m=-7.8946 ╬┤=+1.8459 A=8.35e-22
2026-02-07 02:04:27 | continuum                 | DEBUG    | ContinuumWave created | l=0, k=8.573 | chi_size=5735, idx_match=4014, grid_size=5735
2026-02-07 02:04:27 | continuum                 | DEBUG    | No ideal match point found for L=18, k=8.573; using fallback idx=4560 (r=6.40, r_turn_safe=5.39, r_coulomb_min=6.30)
2026-02-07 02:04:27 | continuum                 | DEBUG    | L=18: Starting at idx=4154 (r=1.95) due to barrier
2026-02-07 02:04:27 | continuum                 | DEBUG    | L=18: Using WKB initial conditions (S0=15.74, ╬║=3.9679)
2026-02-07 02:04:27 | continuum                 | DEBUG    | No ideal match point found for L=7, k=8.573; using fallback idx=4238 (r=2.49, r_turn_safe=2.18, r_coulomb_min=2.45)
2026-02-07 02:04:27 | continuum                 | DEBUG    | L=7: Phase methods disagree: LD=-0.4109, LSQ=1.7760, diff=2.1869 rad. Using LSQ (more accurate).
2026-02-07 02:04:27 | continuum                 | DEBUG    | Phase unstable for L=7: ╬┤_ld varies by 1.4461 rad
2026-02-07 02:04:27 | continuum                 | DEBUG    | L=  7 [Rk45/lsq] r_m=2.5 Y_m=-11.9748 ╬┤=+1.7760 A=1.45e-20
2026-02-07 02:04:27 | continuum                 | DEBUG    | ContinuumWave created | l=7, k=8.573 | chi_size=5735, idx_match=4238, grid_size=5735
2026-02-07 02:04:27 | continuum                 | DEBUG    | No ideal match point found for L=19, k=8.573; using fallback idx=4578 (r=6.75, r_turn_safe=5.68, r_coulomb_min=6.65)
2026-02-07 02:04:27 | continuum                 | DEBUG    | L=19: Starting at idx=4172 (r=2.05) due to barrier
2026-02-07 02:04:27 | continuum                 | DEBUG    | L=19: Using WKB initial conditions (S0=15.78, ╬║=3.9725)
2026-02-07 02:04:27 | continuum                 | DEBUG    | No ideal match point found for L=8, k=8.573; using fallback idx=4283 (r=2.84, r_turn_safe=2.47, r_coulomb_min=2.80)
2026-02-07 02:04:27 | continuum                 | DEBUG    | L=8: Phase methods disagree: LD=-0.8656, LSQ=1.7825, diff=2.6481 rad. Using LSQ (more accurate).
2026-02-07 02:04:27 | continuum                 | DEBUG    | Phase unstable for L=8: ╬┤_ld varies by 1.7187 rad
2026-02-07 02:04:27 | continuum                 | DEBUG    | L=  8 [Rk45/lsq] r_m=2.8 Y_m=5.1831 ╬┤=+1.7825 A=1.50e-20
2026-02-07 02:04:27 | continuum                 | DEBUG    | ContinuumWave created | l=8, k=8.573 | chi_size=5735, idx_match=4283, grid_size=5735
2026-02-07 02:04:27 | continuum                 | DEBUG    | No ideal match point found for L=20, k=8.573; using fallback idx=4596 (r=7.11, r_turn_safe=5.98, r_coulomb_min=7.00)
2026-02-07 02:04:27 | continuum                 | DEBUG    | L=20: Starting at idx=4189 (r=2.16) due to barrier
2026-02-07 02:04:27 | continuum                 | DEBUG    | L=20: Using WKB initial conditions (S0=15.86, ╬║=3.9831)
2026-02-07 02:04:27 | continuum                 | DEBUG    | No ideal match point found for L=5, k=8.573; using fallback idx=4123 (r=1.78, r_turn_safe=1.60, r_coulomb_min=1.75)
2026-02-07 02:04:27 | continuum                 | DEBUG    | L=5: Phase methods disagree: LD=0.2755, LSQ=1.7942, diff=1.5186 rad. Using LSQ (more accurate).
2026-02-07 02:04:27 | continuum                 | DEBUG    | Phase unstable for L=5: ╬┤_ld varies by 1.0881 rad
2026-02-07 02:04:27 | continuum                 | DEBUG    | L=  5 [Rk45/lsq] r_m=1.8 Y_m=-9.5805 ╬┤=+1.7942 A=1.31e-20
2026-02-07 02:04:27 | continuum                 | DEBUG    | ContinuumWave created | l=5, k=8.573 | chi_size=5735, idx_match=4123, grid_size=5735
2026-02-07 02:04:27 | continuum                 | DEBUG    | No ideal match point found for L=21, k=8.573; using fallback idx=4613 (r=7.48, r_turn_safe=6.27, r_coulomb_min=7.35)
2026-02-07 02:04:27 | continuum                 | DEBUG    | L=21: Starting at idx=4205 (r=2.26) due to barrier
2026-02-07 02:04:27 | continuum                 | DEBUG    | L=21: Using WKB initial conditions (S0=16.04, ╬║=4.0053)
2026-02-07 02:04:27 | continuum                 | DEBUG    | No ideal match point found for L=2, k=8.573; using fallback idx=4014 (r=1.29, r_turn_safe=0.71, r_coulomb_min=0.70)
2026-02-07 02:04:27 | continuum                 | DEBUG    | L=2: Phase methods disagree: LD=1.5132, LSQ=1.9935, diff=0.4803 rad. Using LSQ (more accurate).
2026-02-07 02:04:27 | continuum                 | DEBUG    | L=  2 [Rk45/lsq] r_m=1.3 Y_m=-12.4697 ╬┤=+1.9935 A=1.09e-20
2026-02-07 02:04:27 | continuum                 | DEBUG    | ContinuumWave created | l=2, k=8.573 | chi_size=5735, idx_match=4014, grid_size=5735
2026-02-07 02:04:27 | continuum                 | DEBUG    | No ideal match point found for L=22, k=8.573; using fallback idx=4628 (r=7.81, r_turn_safe=6.56, r_coulomb_min=7.70)
2026-02-07 02:04:27 | continuum                 | DEBUG    | L=22: Starting at idx=4220 (r=2.36) due to barrier
2026-02-07 02:04:27 | continuum                 | DEBUG    | L=22: Using WKB initial conditions (S0=16.35, ╬║=4.0440)
2026-02-07 02:04:27 | continuum                 | DEBUG    | No ideal match point found for L=4, k=8.573; using fallback idx=4047 (r=1.42, r_turn_safe=1.30, r_coulomb_min=1.40)
2026-02-07 02:04:27 | continuum                 | DEBUG    | L=4: Phase methods disagree: LD=0.5037, LSQ=1.8223, diff=1.3186 rad. Using LSQ (more accurate).
2026-02-07 02:04:27 | continuum                 | DEBUG    | Phase unstable for L=4: ╬┤_ld varies by 0.9901 rad
2026-02-07 02:04:27 | continuum                 | DEBUG    | L=  4 [Rk45/lsq] r_m=1.4 Y_m=7.2425 ╬┤=+1.8223 A=1.25e-20
2026-02-07 02:04:27 | continuum                 | DEBUG    | ContinuumWave created | l=4, k=8.573 | chi_size=5735, idx_match=4047, grid_size=5735
2026-02-07 02:04:27 | continuum                 | DEBUG    | No ideal match point found for L=23, k=8.573; using fallback idx=4644 (r=8.19, r_turn_safe=6.85, r_coulomb_min=8.05)
2026-02-07 02:04:27 | continuum                 | DEBUG    | L=23: Starting at idx=4235 (r=2.47) due to barrier
2026-02-07 02:04:27 | continuum                 | DEBUG    | L=23: Using WKB initial conditions (S0=16.30, ╬║=4.0379)
2026-02-07 02:04:28 | continuum                 | DEBUG    | No ideal match point found for L=9, k=8.573; using fallback idx=4324 (r=3.20, r_turn_safe=2.77, r_coulomb_min=3.15)
2026-02-07 02:04:28 | continuum                 | DEBUG    | L=9: Phase methods disagree: LD=-1.1056, LSQ=1.7931, diff=2.8987 rad. Using LSQ (more accurate).
2026-02-07 02:04:28 | continuum                 | DEBUG    | Phase unstable for L=9: ╬┤_ld varies by 1.7376 rad
2026-02-07 02:04:28 | continuum                 | DEBUG    | L=  9 [Rk45/lsq] r_m=3.2 Y_m=-16.6565 ╬┤=+1.7931 A=1.57e-20
2026-02-07 02:04:28 | continuum                 | DEBUG    | ContinuumWave created | l=9, k=8.573 | chi_size=5735, idx_match=4324, grid_size=5735
2026-02-07 02:04:28 | continuum                 | DEBUG    | No ideal match point found for L=24, k=8.573; using fallback idx=4658 (r=8.53, r_turn_safe=7.14, r_coulomb_min=8.40)
2026-02-07 02:04:28 | continuum                 | DEBUG    | L=24: Starting at idx=4249 (r=2.57) due to barrier
2026-02-07 02:04:28 | continuum                 | DEBUG    | L=24: Using WKB initial conditions (S0=16.45, ╬║=4.0564)
2026-02-07 02:04:28 | continuum                 | DEBUG    | No ideal match point found for L=11, k=8.573; using fallback idx=4392 (r=3.91, r_turn_safe=3.35, r_coulomb_min=3.85)
2026-02-07 02:04:28 | continuum                 | DEBUG    | Phase unstable for L=11: ╬┤_ld varies by 1.1574 rad
2026-02-07 02:04:28 | continuum                 | DEBUG    | L= 11 [Rk45/lsq] r_m=3.9 Y_m=-21.5480 ╬┤=+1.8303 A=1.71e-20
2026-02-07 02:04:28 | continuum                 | DEBUG    | ContinuumWave created | l=11, k=8.573 | chi_size=5735, idx_match=4392, grid_size=5735
2026-02-07 02:04:28 | driver                    | DEBUG    | Precomputing waves: 10/31 (32%)
2026-02-07 02:04:28 | continuum                 | DEBUG    | No ideal match point found for L=25, k=8.573; using fallback idx=4672 (r=8.89, r_turn_safe=7.43, r_coulomb_min=8.75)
2026-02-07 02:04:28 | continuum                 | DEBUG    | L=25: Starting at idx=4263 (r=2.68) due to barrier
2026-02-07 02:04:28 | continuum                 | DEBUG    | L=25: Using WKB initial conditions (S0=16.30, ╬║=4.0373)
2026-02-07 02:04:28 | continuum                 | DEBUG    | No ideal match point found for L=6, k=8.573; using fallback idx=4185 (r=2.13, r_turn_safe=1.89, r_coulomb_min=2.10)
2026-02-07 02:04:28 | continuum                 | DEBUG    | L=6: Phase methods disagree: LD=-0.1793, LSQ=1.7803, diff=1.9596 rad. Using LSQ (more accurate).
2026-02-07 02:04:28 | continuum                 | DEBUG    | Phase unstable for L=6: ╬┤_ld varies by 1.3976 rad
2026-02-07 02:04:28 | continuum                 | DEBUG    | L=  6 [Rk45/lsq] r_m=2.1 Y_m=6.3602 ╬┤=+1.7803 A=1.37e-20
2026-02-07 02:04:28 | continuum                 | DEBUG    | ContinuumWave created | l=6, k=8.573 | chi_size=5735, idx_match=4185, grid_size=5735
2026-02-07 02:04:28 | continuum                 | DEBUG    | No ideal match point found for L=26, k=8.573; using fallback idx=4685 (r=9.23, r_turn_safe=7.73, r_coulomb_min=9.10)
2026-02-07 02:04:28 | continuum                 | DEBUG    | L=26: Starting at idx=4276 (r=2.78) due to barrier
2026-02-07 02:04:28 | continuum                 | DEBUG    | L=26: Using WKB initial conditions (S0=16.39, ╬║=4.0490)
2026-02-07 02:04:28 | continuum                 | DEBUG    | No ideal match point found for L=12, k=8.573; using fallback idx=4422 (r=4.27, r_turn_safe=3.64, r_coulomb_min=4.20)
2026-02-07 02:04:28 | continuum                 | DEBUG    | Phase unstable for L=12: ╬┤_ld varies by 0.9666 rad
2026-02-07 02:04:28 | continuum                 | DEBUG    | L= 12 [Rk45/lsq] r_m=4.3 Y_m=2.1306 ╬┤=+1.8571 A=1.75e-20
2026-02-07 02:04:28 | continuum                 | DEBUG    | ContinuumWave created | l=12, k=8.573 | chi_size=5735, idx_match=4422, grid_size=5735
2026-02-07 02:04:28 | continuum                 | DEBUG    | No ideal match point found for L=27, k=8.573; using fallback idx=4698 (r=9.59, r_turn_safe=8.02, r_coulomb_min=9.45)
2026-02-07 02:04:28 | continuum                 | DEBUG    | L=27: Starting at idx=4289 (r=2.89) due to barrier
2026-02-07 02:04:28 | continuum                 | DEBUG    | L=27: Using WKB initial conditions (S0=16.23, ╬║=4.0285)
2026-02-07 02:04:28 | continuum                 | DEBUG    | No ideal match point found for L=10, k=8.573; using fallback idx=4360 (r=3.56, r_turn_safe=3.06, r_coulomb_min=3.50)
2026-02-07 02:04:28 | continuum                 | DEBUG    | L=10: Phase methods disagree: LD=-1.5325, LSQ=1.8096, diff=2.9410 rad. Using LSQ (more accurate).
2026-02-07 02:04:28 | continuum                 | DEBUG    | Phase unstable for L=10: ╬┤_ld varies by 1.9635 rad
2026-02-07 02:04:28 | continuum                 | DEBUG    | L= 10 [Rk45/lsq] r_m=3.6 Y_m=3.2208 ╬┤=+1.8096 A=1.63e-20
2026-02-07 02:04:28 | continuum                 | DEBUG    | ContinuumWave created | l=10, k=8.573 | chi_size=5735, idx_match=4360, grid_size=5735
2026-02-07 02:04:28 | continuum                 | DEBUG    | No ideal match point found for L=28, k=8.573; using fallback idx=4711 (r=9.96, r_turn_safe=8.31, r_coulomb_min=9.80)
2026-02-07 02:04:28 | continuum                 | DEBUG    | L=28: Starting at idx=4301 (r=3.00) due to barrier
2026-02-07 02:04:28 | continuum                 | DEBUG    | L=28: Using WKB initial conditions (S0=16.35, ╬║=4.0438)
2026-02-07 02:04:28 | continuum                 | DEBUG    | No ideal match point found for L=13, k=8.573; using fallback idx=4449 (r=4.62, r_turn_safe=3.93, r_coulomb_min=4.55)
2026-02-07 02:04:28 | continuum                 | DEBUG    | Phase unstable for L=13: ╬┤_ld varies by 0.9406 rad
2026-02-07 02:04:28 | continuum                 | DEBUG    | L= 13 [Rk45/lsq] r_m=4.6 Y_m=-35.6440 ╬┤=+1.8854 A=1.83e-20
2026-02-07 02:04:28 | continuum                 | DEBUG    | ContinuumWave created | l=13, k=8.573 | chi_size=5735, idx_match=4449, grid_size=5735
2026-02-07 02:04:28 | continuum                 | DEBUG    | No ideal match point found for L=29, k=8.573; using fallback idx=4723 (r=10.32, r_turn_safe=8.60, r_coulomb_min=10.15)
2026-02-07 02:04:28 | continuum                 | DEBUG    | L=29: Starting at idx=4313 (r=3.10) due to barrier
2026-02-07 02:04:28 | continuum                 | DEBUG    | L=29: Using WKB initial conditions (S0=16.25, ╬║=4.0313)
2026-02-07 02:04:28 | continuum                 | DEBUG    | No ideal match point found for L=14, k=8.573; using fallback idx=4474 (r=4.97, r_turn_safe=4.23, r_coulomb_min=4.90)
2026-02-07 02:04:28 | continuum                 | DEBUG    | Phase unstable for L=14: ╬┤_ld varies by 0.7785 rad
2026-02-07 02:04:28 | continuum                 | DEBUG    | L= 14 [Rk45/lsq] r_m=5.0 Y_m=1.5322 ╬┤=+1.9167 A=1.91e-20
2026-02-07 02:04:28 | continuum                 | DEBUG    | ContinuumWave created | l=14, k=8.573 | chi_size=5735, idx_match=4474, grid_size=5735
2026-02-07 02:04:28 | continuum                 | DEBUG    | No ideal match point found for L=30, k=8.573; using fallback idx=4734 (r=10.66, r_turn_safe=8.89, r_coulomb_min=10.50)
2026-02-07 02:04:28 | continuum                 | DEBUG    | L=30: Starting at idx=4324 (r=3.20) due to barrier
2026-02-07 02:04:28 | continuum                 | DEBUG    | L=30: Using WKB initial conditions (S0=16.47, ╬║=4.0583)
2026-02-07 02:04:28 | continuum                 | DEBUG    | No ideal match point found for L=15, k=8.573; using fallback idx=4498 (r=5.34, r_turn_safe=4.52, r_coulomb_min=5.25)
2026-02-07 02:04:28 | continuum                 | DEBUG    | Phase unstable for L=15: ╬┤_ld varies by 0.7564 rad
2026-02-07 02:04:28 | continuum                 | DEBUG    | L= 15 [Rk45/lsq] r_m=5.3 Y_m=-128.8088 ╬┤=+1.9537 A=1.96e-20
2026-02-07 02:04:28 | continuum                 | DEBUG    | ContinuumWave created | l=15, k=8.573 | chi_size=5735, idx_match=4498, grid_size=5735
2026-02-07 02:04:28 | continuum                 | DEBUG    | No ideal match point found for L=17, k=8.573; using fallback idx=4541 (r=6.05, r_turn_safe=5.10, r_coulomb_min=5.95)
2026-02-07 02:04:28 | continuum                 | DEBUG    | Phase unstable for L=17: ╬┤_ld varies by 0.5874 rad
2026-02-07 02:04:28 | continuum                 | DEBUG    | L= 17 [Rk45/lsq] r_m=6.1 Y_m=64.5758 ╬┤=+2.0362 A=2.06e-20
2026-02-07 02:04:28 | continuum                 | DEBUG    | ContinuumWave created | l=17, k=8.573 | chi_size=5735, idx_match=4541, grid_size=5735
2026-02-07 02:04:28 | continuum                 | DEBUG    | No ideal match point found for L=16, k=8.573; using fallback idx=4520 (r=5.69, r_turn_safe=4.81, r_coulomb_min=5.60)
2026-02-07 02:04:28 | continuum                 | DEBUG    | Phase unstable for L=16: ╬┤_ld varies by 0.6404 rad
2026-02-07 02:04:28 | continuum                 | DEBUG    | L= 16 [Rk45/lsq] r_m=5.7 Y_m=-0.0722 ╬┤=+1.9925 A=1.99e-20
2026-02-07 02:04:28 | continuum                 | DEBUG    | ContinuumWave created | l=16, k=8.573 | chi_size=5735, idx_match=4520, grid_size=5735
2026-02-07 02:04:29 | continuum                 | DEBUG    | No ideal match point found for L=22, k=8.573; using fallback idx=4628 (r=7.81, r_turn_safe=6.56, r_coulomb_min=7.70)
2026-02-07 02:04:29 | continuum                 | DEBUG    | Phase unstable for L=22: ╬┤_ld varies by 0.2918 rad
2026-02-07 02:04:29 | continuum                 | DEBUG    | L= 22 [Rk45/lsq] r_m=7.8 Y_m=-2.7076 ╬┤=+2.2784 A=2.41e-20
2026-02-07 02:04:29 | continuum                 | DEBUG    | ContinuumWave created | l=22, k=8.573 | chi_size=5735, idx_match=4628, grid_size=5735
2026-02-07 02:04:29 | continuum                 | DEBUG    | No ideal match point found for L=21, k=8.573; using fallback idx=4613 (r=7.48, r_turn_safe=6.27, r_coulomb_min=7.35)
2026-02-07 02:04:29 | continuum                 | DEBUG    | Phase unstable for L=21: ╬┤_ld varies by 0.3161 rad
2026-02-07 02:04:29 | continuum                 | DEBUG    | L= 21 [Rk45/lsq] r_m=7.5 Y_m=18.6555 ╬┤=+2.2333 A=2.30e-20
2026-02-07 02:04:29 | continuum                 | DEBUG    | ContinuumWave created | l=21, k=8.573 | chi_size=5735, idx_match=4613, grid_size=5735
2026-02-07 02:04:29 | driver                    | DEBUG    | Precomputing waves: 20/31 (65%)
2026-02-07 02:04:29 | continuum                 | DEBUG    | No ideal match point found for L=23, k=8.573; using fallback idx=4644 (r=8.19, r_turn_safe=6.85, r_coulomb_min=8.05)
2026-02-07 02:04:29 | continuum                 | DEBUG    | Phase unstable for L=23: ╬┤_ld varies by 0.2002 rad
2026-02-07 02:04:29 | continuum                 | DEBUG    | L= 23 [Rk45/lsq] r_m=8.2 Y_m=13.1300 ╬┤=+2.3468 A=2.43e-20
2026-02-07 02:04:29 | continuum                 | DEBUG    | ContinuumWave created | l=23, k=8.573 | chi_size=5735, idx_match=4644, grid_size=5735
2026-02-07 02:04:29 | continuum                 | DEBUG    | No ideal match point found for L=19, k=8.573; using fallback idx=4578 (r=6.75, r_turn_safe=5.68, r_coulomb_min=6.65)
2026-02-07 02:04:29 | continuum                 | DEBUG    | Phase unstable for L=19: ╬┤_ld varies by 2.6985 rad
2026-02-07 02:04:29 | continuum                 | DEBUG    | L= 19 [Rk45/lsq] r_m=6.7 Y_m=65.4168 ╬┤=+2.1296 A=2.17e-20
2026-02-07 02:04:29 | continuum                 | DEBUG    | ContinuumWave created | l=19, k=8.573 | chi_size=5735, idx_match=4578, grid_size=5735
2026-02-07 02:04:29 | continuum                 | DEBUG    | No ideal match point found for L=18, k=8.573; using fallback idx=4560 (r=6.40, r_turn_safe=5.39, r_coulomb_min=6.30)
2026-02-07 02:04:29 | continuum                 | DEBUG    | Phase unstable for L=18: ╬┤_ld varies by 2.6271 rad
2026-02-07 02:04:29 | continuum                 | DEBUG    | L= 18 [Rk45/lsq] r_m=6.4 Y_m=-1.0139 ╬┤=+2.0779 A=2.12e-20
2026-02-07 02:04:29 | continuum                 | DEBUG    | ContinuumWave created | l=18, k=8.573 | chi_size=5735, idx_match=4560, grid_size=5735
2026-02-07 02:04:29 | continuum                 | DEBUG    | No ideal match point found for L=25, k=8.573; using fallback idx=4672 (r=8.89, r_turn_safe=7.43, r_coulomb_min=8.75)
2026-02-07 02:04:29 | continuum                 | DEBUG    | L= 25 [Rk45/lsq] r_m=8.9 Y_m=11.6080 ╬┤=+2.4691 A=2.50e-20
2026-02-07 02:04:29 | continuum                 | DEBUG    | No ideal match point found for L=20, k=8.573; using fallback idx=4596 (r=7.11, r_turn_safe=5.98, r_coulomb_min=7.00)
2026-02-07 02:04:29 | continuum                 | DEBUG    | Phase unstable for L=20: ╬┤_ld varies by 0.4042 rad
2026-02-07 02:04:29 | continuum                 | DEBUG    | L= 20 [Rk45/lsq] r_m=7.1 Y_m=-2.2898 ╬┤=+2.1738 A=2.24e-20
2026-02-07 02:04:29 | continuum                 | DEBUG    | ContinuumWave created | l=25, k=8.573 | chi_size=5735, idx_match=4672, grid_size=5735
2026-02-07 02:04:29 | continuum                 | DEBUG    | ContinuumWave created | l=20, k=8.573 | chi_size=5735, idx_match=4596, grid_size=5735
2026-02-07 02:04:29 | continuum                 | DEBUG    | No ideal match point found for L=24, k=8.573; using fallback idx=4658 (r=8.53, r_turn_safe=7.14, r_coulomb_min=8.40)
2026-02-07 02:04:29 | continuum                 | DEBUG    | Phase unstable for L=24: ╬┤_ld varies by 0.2141 rad
2026-02-07 02:04:29 | continuum                 | DEBUG    | L= 24 [Rk45/lsq] r_m=8.5 Y_m=-4.6606 ╬┤=+2.3925 A=2.51e-20
2026-02-07 02:04:29 | continuum                 | DEBUG    | ContinuumWave created | l=24, k=8.573 | chi_size=5735, idx_match=4658, grid_size=5735
2026-02-07 02:04:29 | continuum                 | DEBUG    | No ideal match point found for L=26, k=8.573; using fallback idx=4685 (r=9.23, r_turn_safe=7.73, r_coulomb_min=9.10)
2026-02-07 02:04:29 | continuum                 | DEBUG    | Phase unstable for L=26: ╬┤_ld varies by 0.1268 rad
2026-02-07 02:04:29 | continuum                 | DEBUG    | L= 26 [Rk45/lsq] r_m=9.2 Y_m=-5.5038 ╬┤=+2.5139 A=2.54e-20
2026-02-07 02:04:29 | continuum                 | DEBUG    | ContinuumWave created | l=26, k=8.573 | chi_size=5735, idx_match=4685, grid_size=5735
2026-02-07 02:04:29 | continuum                 | DEBUG    | No ideal match point found for L=28, k=8.573; using fallback idx=4711 (r=9.96, r_turn_safe=8.31, r_coulomb_min=9.80)
2026-02-07 02:04:29 | continuum                 | DEBUG    | L= 28 [Rk45/lsq] r_m=10.0 Y_m=-10.2813 ╬┤=+2.6404 A=2.54e-20
2026-02-07 02:04:29 | continuum                 | DEBUG    | ContinuumWave created | l=28, k=8.573 | chi_size=5735, idx_match=4711, grid_size=5735
2026-02-07 02:04:29 | continuum                 | DEBUG    | No ideal match point found for L=29, k=8.573; using fallback idx=4723 (r=10.32, r_turn_safe=8.60, r_coulomb_min=10.15)
2026-02-07 02:04:29 | continuum                 | DEBUG    | L= 29 [Rk45/lsq] r_m=10.3 Y_m=5.3594 ╬┤=+2.7283 A=2.53e-20
2026-02-07 02:04:29 | continuum                 | DEBUG    | ContinuumWave created | l=29, k=8.573 | chi_size=5735, idx_match=4723, grid_size=5735
2026-02-07 02:04:29 | continuum                 | DEBUG    | No ideal match point found for L=27, k=8.573; using fallback idx=4698 (r=9.59, r_turn_safe=8.02, r_coulomb_min=9.45)
2026-02-07 02:04:29 | continuum                 | DEBUG    | L= 27 [Rk45/lsq] r_m=9.6 Y_m=9.7208 ╬┤=+2.5974 A=2.52e-20
2026-02-07 02:04:29 | continuum                 | DEBUG    | ContinuumWave created | l=27, k=8.573 | chi_size=5735, idx_match=4698, grid_size=5735
2026-02-07 02:04:29 | driver                    | DEBUG    | Precomputing waves: 30/31 (97%)
2026-02-07 02:04:29 | continuum                 | DEBUG    | No ideal match point found for L=30, k=8.573; using fallback idx=4734 (r=10.66, r_turn_safe=8.89, r_coulomb_min=10.50)
2026-02-07 02:04:29 | continuum                 | DEBUG    | L= 30 [Rk45/lsq] r_m=10.7 Y_m=-10.5703 ╬┤=+2.7692 A=2.54e-20
2026-02-07 02:04:29 | continuum                 | DEBUG    | ContinuumWave created | l=30, k=8.573 | chi_size=5735, idx_match=4734, grid_size=5735
2026-02-07 02:04:29 | driver                    | DEBUG    | Precomputing waves: 31/31 (100%)
2026-02-07 02:04:29 | driver                    | INFO     | Continuum waves computed (E=1000.00 eV): Rk45/lsq: 31
2026-02-07 02:04:31 | continuum                 | DEBUG    | No ideal match point found for L=0, k=8.396; using fallback idx=4014 (r=1.29, r_turn_safe=0.00, r_coulomb_min=0.04)
2026-02-07 02:04:31 | continuum                 | DEBUG    | No ideal match point found for L=1, k=8.396; using fallback idx=4014 (r=1.29, r_turn_safe=0.42, r_coulomb_min=0.36)
2026-02-07 02:04:31 | continuum                 | DEBUG    | L=1: Starting at idx=3284 (r=0.15) due to barrier
2026-02-07 02:04:31 | continuum                 | DEBUG    | No ideal match point found for L=2, k=8.396; using fallback idx=4014 (r=1.29, r_turn_safe=0.73, r_coulomb_min=0.71)
2026-02-07 02:04:31 | continuum                 | DEBUG    | L=2: Starting at idx=3471 (r=0.26) due to barrier
2026-02-07 02:04:31 | continuum                 | DEBUG    | L=2: Using WKB initial conditions (S0=2.17, ╬║=1.4739)
2026-02-07 02:04:31 | continuum                 | DEBUG    | No ideal match point found for L=3, k=8.396; using fallback idx=4014 (r=1.29, r_turn_safe=1.03, r_coulomb_min=1.07)
2026-02-07 02:04:31 | continuum                 | DEBUG    | L=3: Starting at idx=3589 (r=0.37) due to barrier
2026-02-07 02:04:31 | continuum                 | DEBUG    | L=3: Using WKB initial conditions (S0=6.73, ╬║=2.5942)
2026-02-07 02:04:31 | continuum                 | DEBUG    | No ideal match point found for L=4, k=8.396; using fallback idx=4054 (r=1.45, r_turn_safe=1.33, r_coulomb_min=1.43)
2026-02-07 02:04:31 | continuum                 | DEBUG    | L=4: Starting at idx=3677 (r=0.48) due to barrier
2026-02-07 02:04:31 | continuum                 | DEBUG    | L=4: Using WKB initial conditions (S0=8.73, ╬║=2.9542)
2026-02-07 02:04:31 | continuum                 | DEBUG    | No ideal match point found for L=5, k=8.396; using fallback idx=4130 (r=1.81, r_turn_safe=1.63, r_coulomb_min=1.79)
2026-02-07 02:04:31 | continuum                 | DEBUG    | L=5: Starting at idx=3746 (r=0.59) due to barrier
2026-02-07 02:04:31 | continuum                 | DEBUG    | L=5: Using WKB initial conditions (S0=10.32, ╬║=3.2130)
2026-02-07 02:04:31 | continuum                 | DEBUG    | No ideal match point found for L=6, k=8.396; using fallback idx=4192 (r=2.18, r_turn_safe=1.93, r_coulomb_min=2.14)
2026-02-07 02:04:31 | continuum                 | DEBUG    | L=6: Starting at idx=3803 (r=0.70) due to barrier
2026-02-07 02:04:31 | continuum                 | DEBUG    | L=6: Using WKB initial conditions (S0=11.56, ╬║=3.3998)
2026-02-07 02:04:31 | continuum                 | DEBUG    | No ideal match point found for L=7, k=8.396; using fallback idx=4245 (r=2.54, r_turn_safe=2.23, r_coulomb_min=2.50)
2026-02-07 02:04:31 | continuum                 | DEBUG    | L=7: Starting at idx=3852 (r=0.80) due to barrier
2026-02-07 02:04:31 | continuum                 | DEBUG    | L=7: Using WKB initial conditions (S0=12.35, ╬║=3.5146)
2026-02-07 02:04:31 | continuum                 | DEBUG    | No ideal match point found for L=8, k=8.396; using fallback idx=4291 (r=2.91, r_turn_safe=2.53, r_coulomb_min=2.86)
2026-02-07 02:04:31 | continuum                 | DEBUG    | L=8: Starting at idx=3895 (r=0.91) due to barrier
2026-02-07 02:04:31 | continuum                 | DEBUG    | L=8: Using WKB initial conditions (S0=12.86, ╬║=3.5863)
2026-02-07 02:04:31 | continuum                 | DEBUG    | No ideal match point found for L=9, k=8.396; using fallback idx=4331 (r=3.27, r_turn_safe=2.82, r_coulomb_min=3.22)
2026-02-07 02:04:31 | continuum                 | DEBUG    | L=9: Starting at idx=3933 (r=1.02) due to barrier
2026-02-07 02:04:31 | continuum                 | DEBUG    | L=9: Using WKB initial conditions (S0=13.34, ╬║=3.6527)
2026-02-07 02:04:31 | continuum                 | DEBUG    | No ideal match point found for L=10, k=8.396; using fallback idx=4367 (r=3.63, r_turn_safe=3.12, r_coulomb_min=3.57)
2026-02-07 02:04:31 | continuum                 | DEBUG    | L=10: Starting at idx=3967 (r=1.12) due to barrier
2026-02-07 02:04:31 | continuum                 | DEBUG    | L=10: Using WKB initial conditions (S0=13.82, ╬║=3.7169)
2026-02-07 02:04:31 | continuum                 | DEBUG    | No ideal match point found for L=11, k=8.396; using fallback idx=4399 (r=3.99, r_turn_safe=3.42, r_coulomb_min=3.93)
2026-02-07 02:04:31 | continuum                 | DEBUG    | L=11: Starting at idx=3998 (r=1.23) due to barrier
2026-02-07 02:04:31 | continuum                 | DEBUG    | L=11: Using WKB initial conditions (S0=14.16, ╬║=3.7627)
2026-02-07 02:04:31 | continuum                 | DEBUG    | No ideal match point found for L=13, k=8.396; using fallback idx=4456 (r=4.72, r_turn_safe=4.02, r_coulomb_min=4.64)
2026-02-07 02:04:31 | continuum                 | DEBUG    | L=13: Starting at idx=4053 (r=1.45) due to barrier
2026-02-07 02:04:31 | continuum                 | DEBUG    | No ideal match point found for L=12, k=8.396; using fallback idx=4429 (r=4.36, r_turn_safe=3.72, r_coulomb_min=4.29)
2026-02-07 02:04:31 | continuum                 | DEBUG    | L=13: Using WKB initial conditions (S0=14.50, ╬║=3.8074)
2026-02-07 02:04:31 | continuum                 | DEBUG    | L=12: Starting at idx=4027 (r=1.34) due to barrier
2026-02-07 02:04:31 | continuum                 | DEBUG    | L=12: Using WKB initial conditions (S0=14.15, ╬║=3.7613)
2026-02-07 02:04:31 | continuum                 | DEBUG    | No ideal match point found for L=14, k=8.396; using fallback idx=4481 (r=5.08, r_turn_safe=4.31, r_coulomb_min=5.00)
2026-02-07 02:04:31 | continuum                 | DEBUG    | L=14: Starting at idx=4078 (r=1.56) due to barrier
2026-02-07 02:04:31 | continuum                 | DEBUG    | L=14: Using WKB initial conditions (S0=14.37, ╬║=3.7909)
2026-02-07 02:04:32 | continuum                 | DEBUG    | No ideal match point found for L=6, k=8.396; using fallback idx=4192 (r=2.18, r_turn_safe=1.93, r_coulomb_min=2.14)
2026-02-07 02:04:32 | continuum                 | DEBUG    | L=6: Phase methods disagree: LD=-0.2771, LSQ=1.8974, diff=2.1746 rad. Using LSQ (more accurate).
2026-02-07 02:04:32 | continuum                 | DEBUG    | Phase unstable for L=6: ╬┤_ld varies by 1.3743 rad
2026-02-07 02:04:32 | continuum                 | DEBUG    | L=  6 [Rk45/lsq] r_m=2.2 Y_m=5.2428 ╬┤=+1.8974 A=1.34e-20
2026-02-07 02:04:32 | continuum                 | DEBUG    | ContinuumWave created | l=6, k=8.396 | chi_size=5735, idx_match=4192, grid_size=5735
2026-02-07 02:04:32 | continuum                 | DEBUG    | No ideal match point found for L=15, k=8.396; using fallback idx=4505 (r=5.45, r_turn_safe=4.61, r_coulomb_min=5.36)
2026-02-07 02:04:32 | continuum                 | DEBUG    | L=15: Starting at idx=4100 (r=1.66) due to barrier
2026-02-07 02:04:32 | continuum                 | DEBUG    | L=15: Using WKB initial conditions (S0=14.91, ╬║=3.8609)
2026-02-07 02:04:32 | continuum                 | DEBUG    | No ideal match point found for L=16, k=8.396; using fallback idx=4527 (r=5.81, r_turn_safe=4.91, r_coulomb_min=5.72)
2026-02-07 02:04:32 | continuum                 | DEBUG    | L=16: Starting at idx=4122 (r=1.77) due to barrier
2026-02-07 02:04:32 | continuum                 | DEBUG    | L=16: Using WKB initial conditions (S0=14.70, ╬║=3.8346)
2026-02-07 02:04:32 | continuum                 | DEBUG    | No ideal match point found for L=7, k=8.396; using fallback idx=4245 (r=2.54, r_turn_safe=2.23, r_coulomb_min=2.50)
2026-02-07 02:04:32 | continuum                 | DEBUG    | L=7: Phase methods disagree: LD=-0.5078, LSQ=1.8853, diff=2.3932 rad. Using LSQ (more accurate).
2026-02-07 02:04:32 | continuum                 | DEBUG    | Phase unstable for L=7: ╬┤_ld varies by 1.4384 rad
2026-02-07 02:04:32 | continuum                 | DEBUG    | L=  7 [Rk45/lsq] r_m=2.5 Y_m=-13.7822 ╬┤=+1.8853 A=1.41e-20
2026-02-07 02:04:32 | continuum                 | DEBUG    | ContinuumWave created | l=7, k=8.396 | chi_size=5735, idx_match=4245, grid_size=5735
2026-02-07 02:04:32 | continuum                 | DEBUG    | No ideal match point found for L=17, k=8.396; using fallback idx=4548 (r=6.18, r_turn_safe=5.21, r_coulomb_min=6.07)
2026-02-07 02:04:32 | continuum                 | DEBUG    | L=17: Starting at idx=4142 (r=1.88) due to barrier
2026-02-07 02:04:32 | continuum                 | DEBUG    | L=17: Using WKB initial conditions (S0=14.86, ╬║=3.8545)
2026-02-07 02:04:32 | continuum                 | DEBUG    | No ideal match point found for L=1, k=8.396; using fallback idx=4014 (r=1.29, r_turn_safe=0.42, r_coulomb_min=0.36)
2026-02-07 02:04:32 | continuum                 | DEBUG    | L=1: Phase methods disagree: LD=1.4203, LSQ=2.4635, diff=1.0432 rad. Using LSQ (more accurate).
2026-02-07 02:04:32 | continuum                 | DEBUG    | Phase unstable for L=1: ╬┤_ld varies by 0.2594 rad
2026-02-07 02:04:32 | continuum                 | DEBUG    | L=  1 [Rk45/lsq] r_m=1.3 Y_m=4.7210 ╬┤=+2.4635 A=9.82e-21
2026-02-07 02:04:32 | continuum                 | DEBUG    | ContinuumWave created | l=1, k=8.396 | chi_size=5735, idx_match=4014, grid_size=5735
2026-02-07 02:04:32 | continuum                 | DEBUG    | No ideal match point found for L=18, k=8.396; using fallback idx=4567 (r=6.53, r_turn_safe=5.51, r_coulomb_min=6.43)
2026-02-07 02:04:32 | continuum                 | DEBUG    | L=18: Starting at idx=4161 (r=1.99) due to barrier
2026-02-07 02:04:32 | continuum                 | DEBUG    | L=18: Using WKB initial conditions (S0=14.94, ╬║=3.8648)
2026-02-07 02:04:32 | continuum                 | DEBUG    | No ideal match point found for L=9, k=8.396; using fallback idx=4331 (r=3.27, r_turn_safe=2.82, r_coulomb_min=3.22)
2026-02-07 02:04:32 | continuum                 | DEBUG    | L=9: Phase methods disagree: LD=-1.1870, LSQ=1.8836, diff=3.0706 rad. Using LSQ (more accurate).
2026-02-07 02:04:32 | continuum                 | DEBUG    | Phase unstable for L=9: ╬┤_ld varies by 1.7322 rad
2026-02-07 02:04:32 | continuum                 | DEBUG    | L=  9 [Rk45/lsq] r_m=3.3 Y_m=-18.7915 ╬┤=+1.8836 A=1.54e-20
2026-02-07 02:04:32 | continuum                 | DEBUG    | ContinuumWave created | l=9, k=8.396 | chi_size=5735, idx_match=4331, grid_size=5735
2026-02-07 02:04:32 | continuum                 | DEBUG    | No ideal match point found for L=19, k=8.396; using fallback idx=4586 (r=6.91, r_turn_safe=5.80, r_coulomb_min=6.79)
2026-02-07 02:04:32 | continuum                 | DEBUG    | L=19: Starting at idx=4179 (r=2.09) due to barrier
2026-02-07 02:04:32 | continuum                 | DEBUG    | L=19: Using WKB initial conditions (S0=15.00, ╬║=3.8735)
2026-02-07 02:04:32 | continuum                 | DEBUG    | No ideal match point found for L=4, k=8.396; using fallback idx=4054 (r=1.45, r_turn_safe=1.33, r_coulomb_min=1.43)
2026-02-07 02:04:32 | continuum                 | DEBUG    | L=4: Phase methods disagree: LD=0.3903, LSQ=1.9695, diff=1.5792 rad. Using LSQ (more accurate).
2026-02-07 02:04:32 | continuum                 | DEBUG    | Phase unstable for L=4: ╬┤_ld varies by 0.9578 rad
2026-02-07 02:04:32 | continuum                 | DEBUG    | L=  4 [Rk45/lsq] r_m=1.5 Y_m=5.7681 ╬┤=+1.9695 A=1.21e-20
2026-02-07 02:04:32 | continuum                 | DEBUG    | ContinuumWave created | l=4, k=8.396 | chi_size=5735, idx_match=4054, grid_size=5735
2026-02-07 02:04:32 | continuum                 | DEBUG    | No ideal match point found for L=20, k=8.396; using fallback idx=4603 (r=7.26, r_turn_safe=6.10, r_coulomb_min=7.15)
2026-02-07 02:04:32 | continuum                 | DEBUG    | L=20: Starting at idx=4196 (r=2.20) due to barrier
2026-02-07 02:04:32 | continuum                 | DEBUG    | L=20: Using WKB initial conditions (S0=15.11, ╬║=3.8874)
2026-02-07 02:04:32 | continuum                 | DEBUG    | No ideal match point found for L=5, k=8.396; using fallback idx=4130 (r=1.81, r_turn_safe=1.63, r_coulomb_min=1.79)
2026-02-07 02:04:32 | continuum                 | DEBUG    | L=5: Phase methods disagree: LD=0.1642, LSQ=1.9267, diff=1.7625 rad. Using LSQ (more accurate).
2026-02-07 02:04:32 | continuum                 | DEBUG    | Phase unstable for L=5: ╬┤_ld varies by 1.0728 rad
2026-02-07 02:04:32 | continuum                 | DEBUG    | L=  5 [Rk45/lsq] r_m=1.8 Y_m=-11.3446 ╬┤=+1.9267 A=1.28e-20
2026-02-07 02:04:32 | continuum                 | DEBUG    | ContinuumWave created | l=5, k=8.396 | chi_size=5735, idx_match=4130, grid_size=5735
2026-02-07 02:04:32 | continuum                 | DEBUG    | No ideal match point found for L=3, k=8.396; using fallback idx=4014 (r=1.29, r_turn_safe=1.03, r_coulomb_min=1.07)
2026-02-07 02:04:32 | continuum                 | DEBUG    | L=3: Phase methods disagree: LD=0.9032, LSQ=2.0340, diff=1.1308 rad. Using LSQ (more accurate).
2026-02-07 02:04:32 | continuum                 | DEBUG    | Phase unstable for L=3: ╬┤_ld varies by 0.5168 rad
2026-02-07 02:04:32 | continuum                 | DEBUG    | L=  3 [Rk45/lsq] r_m=1.3 Y_m=5.4332 ╬┤=+2.0340 A=1.16e-20
2026-02-07 02:04:32 | continuum                 | DEBUG    | ContinuumWave created | l=3, k=8.396 | chi_size=5735, idx_match=4014, grid_size=5735
2026-02-07 02:04:32 | continuum                 | DEBUG    | No ideal match point found for L=21, k=8.396; using fallback idx=4620 (r=7.63, r_turn_safe=6.40, r_coulomb_min=7.50)
2026-02-07 02:04:32 | continuum                 | DEBUG    | L=21: Starting at idx=4212 (r=2.31) due to barrier
2026-02-07 02:04:32 | continuum                 | DEBUG    | L=21: Using WKB initial conditions (S0=15.30, ╬║=3.9121)
2026-02-07 02:04:32 | continuum                 | DEBUG    | No ideal match point found for L=22, k=8.396; using fallback idx=4636 (r=8.00, r_turn_safe=6.70, r_coulomb_min=7.86)
2026-02-07 02:04:32 | continuum                 | DEBUG    | L=22: Starting at idx=4228 (r=2.42) due to barrier
2026-02-07 02:04:32 | continuum                 | DEBUG    | L=22: Using WKB initial conditions (S0=15.12, ╬║=3.8881)
2026-02-07 02:04:32 | continuum                 | DEBUG    | No ideal match point found for L=0, k=8.396; using fallback idx=4014 (r=1.29, r_turn_safe=0.00, r_coulomb_min=0.04)
2026-02-07 02:04:32 | continuum                 | DEBUG    | L=0: Phase methods disagree: LD=-1.1072, LSQ=2.0200, diff=3.1272 rad. Using LSQ (more accurate).
2026-02-07 02:04:32 | continuum                 | DEBUG    | Phase unstable for L=0: ╬┤_ld varies by 0.3853 rad
2026-02-07 02:04:32 | continuum                 | DEBUG    | L=  0 [Rk45/lsq] r_m=1.3 Y_m=-6.3686 ╬┤=+2.0200 A=8.43e-22
2026-02-07 02:04:32 | continuum                 | DEBUG    | ContinuumWave created | l=0, k=8.396 | chi_size=5735, idx_match=4014, grid_size=5735
2026-02-07 02:04:32 | continuum                 | DEBUG    | No ideal match point found for L=23, k=8.396; using fallback idx=4651 (r=8.36, r_turn_safe=7.00, r_coulomb_min=8.22)
2026-02-07 02:04:32 | continuum                 | DEBUG    | L=23: Starting at idx=4242 (r=2.52) due to barrier
2026-02-07 02:04:32 | continuum                 | DEBUG    | L=23: Using WKB initial conditions (S0=15.59, ╬║=3.9487)
2026-02-07 02:04:32 | continuum                 | DEBUG    | No ideal match point found for L=10, k=8.396; using fallback idx=4367 (r=3.63, r_turn_safe=3.12, r_coulomb_min=3.57)
2026-02-07 02:04:32 | continuum                 | DEBUG    | L=10: Phase methods disagree: LD=1.5424, LSQ=1.8901, diff=0.3477 rad. Using LSQ (more accurate).
2026-02-07 02:04:32 | continuum                 | DEBUG    | Phase unstable for L=10: ╬┤_ld varies by 1.2089 rad
2026-02-07 02:04:32 | continuum                 | DEBUG    | L= 10 [Rk45/lsq] r_m=3.6 Y_m=2.7528 ╬┤=+1.8901 A=1.60e-20
2026-02-07 02:04:32 | continuum                 | DEBUG    | ContinuumWave created | l=10, k=8.396 | chi_size=5735, idx_match=4367, grid_size=5735
2026-02-07 02:04:32 | continuum                 | DEBUG    | No ideal match point found for L=24, k=8.396; using fallback idx=4665 (r=8.71, r_turn_safe=7.29, r_coulomb_min=8.58)
2026-02-07 02:04:32 | continuum                 | DEBUG    | L=24: Starting at idx=4257 (r=2.63) due to barrier
2026-02-07 02:04:32 | continuum                 | DEBUG    | L=24: Using WKB initial conditions (S0=15.24, ╬║=3.9043)
2026-02-07 02:04:32 | continuum                 | DEBUG    | No ideal match point found for L=2, k=8.396; using fallback idx=4014 (r=1.29, r_turn_safe=0.73, r_coulomb_min=0.71)
2026-02-07 02:04:32 | continuum                 | DEBUG    | L=2: Phase methods disagree: LD=1.3731, LSQ=2.1609, diff=0.7878 rad. Using LSQ (more accurate).
2026-02-07 02:04:32 | continuum                 | DEBUG    | L=  2 [Rk45/lsq] r_m=1.3 Y_m=-9.9102 ╬┤=+2.1609 A=1.08e-20
2026-02-07 02:04:32 | continuum                 | DEBUG    | ContinuumWave created | l=2, k=8.396 | chi_size=5735, idx_match=4014, grid_size=5735
2026-02-07 02:04:32 | continuum                 | DEBUG    | No ideal match point found for L=25, k=8.396; using fallback idx=4679 (r=9.07, r_turn_safe=7.59, r_coulomb_min=8.93)
2026-02-07 02:04:32 | continuum                 | DEBUG    | L=25: Starting at idx=4270 (r=2.73) due to barrier
2026-02-07 02:04:32 | driver                    | DEBUG    | Precomputing waves: 10/46 (22%)
2026-02-07 02:04:32 | continuum                 | DEBUG    | L=25: Using WKB initial conditions (S0=15.61, ╬║=3.9514)
2026-02-07 02:04:32 | continuum                 | DEBUG    | No ideal match point found for L=12, k=8.396; using fallback idx=4429 (r=4.36, r_turn_safe=3.72, r_coulomb_min=4.29)
2026-02-07 02:04:32 | continuum                 | DEBUG    | Phase unstable for L=12: ╬┤_ld varies by 1.0054 rad
2026-02-07 02:04:32 | continuum                 | DEBUG    | L= 12 [Rk45/lsq] r_m=4.4 Y_m=1.8364 ╬┤=+1.9260 A=1.72e-20
2026-02-07 02:04:32 | continuum                 | DEBUG    | ContinuumWave created | l=12, k=8.396 | chi_size=5735, idx_match=4429, grid_size=5735
2026-02-07 02:04:32 | continuum                 | DEBUG    | No ideal match point found for L=26, k=8.396; using fallback idx=4693 (r=9.45, r_turn_safe=7.89, r_coulomb_min=9.29)
2026-02-07 02:04:32 | continuum                 | DEBUG    | L=26: Starting at idx=4283 (r=2.84) due to barrier
2026-02-07 02:04:32 | continuum                 | DEBUG    | L=26: Using WKB initial conditions (S0=15.71, ╬║=3.9641)
2026-02-07 02:04:33 | continuum                 | DEBUG    | No ideal match point found for L=11, k=8.396; using fallback idx=4399 (r=3.99, r_turn_safe=3.42, r_coulomb_min=3.93)
2026-02-07 02:04:33 | continuum                 | DEBUG    | Phase unstable for L=11: ╬┤_ld varies by 1.1621 rad
2026-02-07 02:04:33 | continuum                 | DEBUG    | L= 11 [Rk45/lsq] r_m=4.0 Y_m=-23.7163 ╬┤=+1.9063 A=1.68e-20
2026-02-07 02:04:33 | continuum                 | DEBUG    | ContinuumWave created | l=11, k=8.396 | chi_size=5735, idx_match=4399, grid_size=5735
2026-02-07 02:04:33 | continuum                 | DEBUG    | No ideal match point found for L=27, k=8.396; using fallback idx=4705 (r=9.79, r_turn_safe=8.19, r_coulomb_min=9.65)
2026-02-07 02:04:33 | continuum                 | DEBUG    | L=27: Starting at idx=4296 (r=2.95) due to barrier
2026-02-07 02:04:33 | continuum                 | DEBUG    | L=27: Using WKB initial conditions (S0=15.56, ╬║=3.9452)
2026-02-07 02:04:33 | continuum                 | DEBUG    | No ideal match point found for L=8, k=8.396; using fallback idx=4291 (r=2.91, r_turn_safe=2.53, r_coulomb_min=2.86)
2026-02-07 02:04:33 | continuum                 | DEBUG    | L=8: Phase methods disagree: LD=-0.9345, LSQ=1.8789, diff=2.8134 rad. Using LSQ (more accurate).
2026-02-07 02:04:33 | continuum                 | DEBUG    | Phase unstable for L=8: ╬┤_ld varies by 1.6806 rad
2026-02-07 02:04:33 | continuum                 | DEBUG    | L=  8 [Rk45/lsq] r_m=2.9 Y_m=3.7305 ╬┤=+1.8789 A=1.46e-20
2026-02-07 02:04:33 | continuum                 | DEBUG    | ContinuumWave created | l=8, k=8.396 | chi_size=5735, idx_match=4291, grid_size=5735
2026-02-07 02:04:33 | continuum                 | DEBUG    | No ideal match point found for L=28, k=8.396; using fallback idx=4718 (r=10.17, r_turn_safe=8.48, r_coulomb_min=10.00)
2026-02-07 02:04:33 | continuum                 | DEBUG    | L=28: Starting at idx=4308 (r=3.06) due to barrier
2026-02-07 02:04:33 | continuum                 | DEBUG    | L=28: Using WKB initial conditions (S0=15.69, ╬║=3.9610)
2026-02-07 02:04:33 | continuum                 | DEBUG    | No ideal match point found for L=14, k=8.396; using fallback idx=4481 (r=5.08, r_turn_safe=4.31, r_coulomb_min=5.00)
2026-02-07 02:04:33 | continuum                 | DEBUG    | Phase unstable for L=14: ╬┤_ld varies by 0.8262 rad
2026-02-07 02:04:33 | continuum                 | DEBUG    | L= 14 [Rk45/lsq] r_m=5.1 Y_m=1.3349 ╬┤=+1.9798 A=1.84e-20
2026-02-07 02:04:33 | continuum                 | DEBUG    | ContinuumWave created | l=14, k=8.396 | chi_size=5735, idx_match=4481, grid_size=5735
2026-02-07 02:04:33 | continuum                 | DEBUG    | No ideal match point found for L=29, k=8.396; using fallback idx=4730 (r=10.54, r_turn_safe=8.78, r_coulomb_min=10.36)
2026-02-07 02:04:33 | continuum                 | DEBUG    | L=29: Starting at idx=4320 (r=3.17) due to barrier
2026-02-07 02:04:33 | continuum                 | DEBUG    | L=29: Using WKB initial conditions (S0=15.60, ╬║=3.9496)
2026-02-07 02:04:33 | continuum                 | DEBUG    | No ideal match point found for L=13, k=8.396; using fallback idx=4456 (r=4.72, r_turn_safe=4.02, r_coulomb_min=4.64)
2026-02-07 02:04:33 | continuum                 | DEBUG    | Phase unstable for L=13: ╬┤_ld varies by 0.9516 rad
2026-02-07 02:04:33 | continuum                 | DEBUG    | L= 13 [Rk45/lsq] r_m=4.7 Y_m=-39.1638 ╬┤=+1.9507 A=1.80e-20
2026-02-07 02:04:33 | continuum                 | DEBUG    | ContinuumWave created | l=13, k=8.396 | chi_size=5735, idx_match=4456, grid_size=5735
2026-02-07 02:04:33 | continuum                 | DEBUG    | No ideal match point found for L=30, k=8.396; using fallback idx=4741 (r=10.88, r_turn_safe=9.08, r_coulomb_min=10.72)
2026-02-07 02:04:33 | continuum                 | DEBUG    | L=30: Starting at idx=4331 (r=3.27) due to barrier
2026-02-07 02:04:33 | continuum                 | DEBUG    | L=30: Using WKB initial conditions (S0=15.81, ╬║=3.9767)
2026-02-07 02:04:33 | continuum                 | DEBUG    | No ideal match point found for L=15, k=8.396; using fallback idx=4505 (r=5.45, r_turn_safe=4.61, r_coulomb_min=5.36)
2026-02-07 02:04:33 | continuum                 | DEBUG    | Phase unstable for L=15: ╬┤_ld varies by 0.7687 rad
2026-02-07 02:04:33 | continuum                 | DEBUG    | L= 15 [Rk45/lsq] r_m=5.4 Y_m=-159.8879 ╬┤=+2.0113 A=1.94e-20
2026-02-07 02:04:33 | continuum                 | DEBUG    | ContinuumWave created | l=15, k=8.396 | chi_size=5735, idx_match=4505, grid_size=5735
2026-02-07 02:04:33 | continuum                 | DEBUG    | No ideal match point found for L=31, k=8.396; using fallback idx=4753 (r=11.27, r_turn_safe=9.38, r_coulomb_min=11.08)
2026-02-07 02:04:33 | continuum                 | DEBUG    | L=31: Starting at idx=4342 (r=3.38) due to barrier
2026-02-07 02:04:33 | continuum                 | DEBUG    | L=31: Using WKB initial conditions (S0=15.84, ╬║=3.9801)
2026-02-07 02:04:33 | continuum                 | DEBUG    | No ideal match point found for L=16, k=8.396; using fallback idx=4527 (r=5.81, r_turn_safe=4.91, r_coulomb_min=5.72)
2026-02-07 02:04:33 | continuum                 | DEBUG    | Phase unstable for L=16: ╬┤_ld varies by 0.6897 rad
2026-02-07 02:04:33 | continuum                 | DEBUG    | L= 16 [Rk45/lsq] r_m=5.8 Y_m=-0.1412 ╬┤=+2.0485 A=1.97e-20
2026-02-07 02:04:33 | continuum                 | DEBUG    | ContinuumWave created | l=16, k=8.396 | chi_size=5735, idx_match=4527, grid_size=5735
2026-02-07 02:04:33 | continuum                 | DEBUG    | No ideal match point found for L=32, k=8.396; using fallback idx=4763 (r=11.61, r_turn_safe=9.68, r_coulomb_min=11.43)
2026-02-07 02:04:33 | continuum                 | DEBUG    | L=32: Starting at idx=4353 (r=3.49) due to barrier
2026-02-07 02:04:33 | continuum                 | DEBUG    | L=32: Using WKB initial conditions (S0=15.69, ╬║=3.9612)
2026-02-07 02:04:33 | continuum                 | DEBUG    | No ideal match point found for L=25, k=8.396; using fallback idx=4679 (r=9.07, r_turn_safe=7.59, r_coulomb_min=8.93)
2026-02-07 02:04:33 | continuum                 | DEBUG    | Phase unstable for L=25: ╬┤_ld varies by 0.1436 rad
2026-02-07 02:04:33 | continuum                 | DEBUG    | L= 25 [Rk45/lsq] r_m=9.1 Y_m=11.7183 ╬┤=+2.5148 A=2.48e-20
2026-02-07 02:04:33 | continuum                 | DEBUG    | ContinuumWave created | l=25, k=8.396 | chi_size=5735, idx_match=4679, grid_size=5735
2026-02-07 02:04:33 | continuum                 | DEBUG    | No ideal match point found for L=33, k=8.396; using fallback idx=4774 (r=11.99, r_turn_safe=9.97, r_coulomb_min=11.79)
2026-02-07 02:04:33 | continuum                 | DEBUG    | L=33: Starting at idx=4363 (r=3.59) due to barrier
2026-02-07 02:04:33 | continuum                 | DEBUG    | L=33: Using WKB initial conditions (S0=15.88, ╬║=3.9854)
2026-02-07 02:04:33 | continuum                 | DEBUG    | No ideal match point found for L=17, k=8.396; using fallback idx=4548 (r=6.18, r_turn_safe=5.21, r_coulomb_min=6.07)
2026-02-07 02:04:33 | continuum                 | DEBUG    | Phase unstable for L=17: ╬┤_ld varies by 0.6083 rad
2026-02-07 02:04:33 | continuum                 | DEBUG    | L= 17 [Rk45/lsq] r_m=6.2 Y_m=60.7458 ╬┤=+2.0884 A=2.04e-20
2026-02-07 02:04:33 | continuum                 | DEBUG    | ContinuumWave created | l=17, k=8.396 | chi_size=5735, idx_match=4548, grid_size=5735
2026-02-07 02:04:33 | continuum                 | DEBUG    | No ideal match point found for L=34, k=8.396; using fallback idx=4784 (r=12.34, r_turn_safe=10.27, r_coulomb_min=12.15)
2026-02-07 02:04:33 | continuum                 | DEBUG    | L=34: Starting at idx=4373 (r=3.70) due to barrier
2026-02-07 02:04:33 | continuum                 | DEBUG    | L=34: Using WKB initial conditions (S0=15.92, ╬║=3.9899)
2026-02-07 02:04:34 | continuum                 | DEBUG    | No ideal match point found for L=19, k=8.396; using fallback idx=4586 (r=6.91, r_turn_safe=5.80, r_coulomb_min=6.79)
2026-02-07 02:04:34 | continuum                 | DEBUG    | Phase unstable for L=19: ╬┤_ld varies by 2.6727 rad
2026-02-07 02:04:34 | continuum                 | DEBUG    | L= 19 [Rk45/lsq] r_m=6.9 Y_m=27.3514 ╬┤=+2.1781 A=2.15e-20
2026-02-07 02:04:34 | continuum                 | DEBUG    | ContinuumWave created | l=19, k=8.396 | chi_size=5735, idx_match=4586, grid_size=5735
2026-02-07 02:04:34 | driver                    | DEBUG    | Precomputing waves: 20/46 (43%)
2026-02-07 02:04:34 | continuum                 | DEBUG    | No ideal match point found for L=28, k=8.396; using fallback idx=4718 (r=10.17, r_turn_safe=8.48, r_coulomb_min=10.00)
2026-02-07 02:04:34 | continuum                 | DEBUG    | L= 28 [Rk45/lsq] r_m=10.2 Y_m=-9.6947 ╬┤=+2.6947 A=2.55e-20
2026-02-07 02:04:34 | continuum                 | DEBUG    | No ideal match point found for L=35, k=8.396; using fallback idx=4794 (r=12.71, r_turn_safe=10.57, r_coulomb_min=12.51)
2026-02-07 02:04:34 | continuum                 | DEBUG    | ContinuumWave created | l=28, k=8.396 | chi_size=5735, idx_match=4718, grid_size=5735
2026-02-07 02:04:34 | continuum                 | DEBUG    | L=35: Starting at idx=4383 (r=3.81) due to barrier
2026-02-07 02:04:34 | continuum                 | DEBUG    | L=35: Using WKB initial conditions (S0=15.81, ╬║=3.9760)
2026-02-07 02:04:34 | continuum                 | DEBUG    | No ideal match point found for L=24, k=8.396; using fallback idx=4665 (r=8.71, r_turn_safe=7.29, r_coulomb_min=8.58)
2026-02-07 02:04:34 | continuum                 | DEBUG    | Phase unstable for L=24: ╬┤_ld varies by 0.2603 rad
2026-02-07 02:04:34 | continuum                 | DEBUG    | L= 24 [Rk45/lsq] r_m=8.7 Y_m=-4.4455 ╬┤=+2.4472 A=2.41e-20
2026-02-07 02:04:34 | continuum                 | DEBUG    | ContinuumWave created | l=24, k=8.396 | chi_size=5735, idx_match=4665, grid_size=5735
2026-02-07 02:04:34 | continuum                 | DEBUG    | No ideal match point found for L=36, k=8.396; using fallback idx=4804 (r=13.09, r_turn_safe=10.87, r_coulomb_min=12.86)
2026-02-07 02:04:34 | continuum                 | DEBUG    | L=36: Starting at idx=4393 (r=3.92) due to barrier
2026-02-07 02:04:34 | continuum                 | DEBUG    | L=36: Using WKB initial conditions (S0=15.56, ╬║=3.9445)
2026-02-07 02:04:34 | continuum                 | DEBUG    | No ideal match point found for L=20, k=8.396; using fallback idx=4603 (r=7.26, r_turn_safe=6.10, r_coulomb_min=7.15)
2026-02-07 02:04:34 | continuum                 | DEBUG    | Phase unstable for L=20: ╬┤_ld varies by 0.4509 rad
2026-02-07 02:04:34 | continuum                 | DEBUG    | L= 20 [Rk45/lsq] r_m=7.3 Y_m=-2.2082 ╬┤=+2.2264 A=2.23e-20
2026-02-07 02:04:34 | continuum                 | DEBUG    | ContinuumWave created | l=20, k=8.396 | chi_size=5735, idx_match=4603, grid_size=5735
2026-02-07 02:04:34 | continuum                 | DEBUG    | No ideal match point found for L=37, k=8.396; using fallback idx=4813 (r=13.44, r_turn_safe=11.16, r_coulomb_min=13.22)
2026-02-07 02:04:34 | continuum                 | DEBUG    | L=37: Starting at idx=4402 (r=4.03) due to barrier
2026-02-07 02:04:34 | continuum                 | DEBUG    | L=37: Using WKB initial conditions (S0=15.69, ╬║=3.9606)
2026-02-07 02:04:34 | continuum                 | DEBUG    | No ideal match point found for L=38, k=8.396; using fallback idx=4822 (r=13.80, r_turn_safe=11.46, r_coulomb_min=13.58)
2026-02-07 02:04:34 | continuum                 | DEBUG    | L=38: Starting at idx=4411 (r=4.13) due to barrier
2026-02-07 02:04:34 | continuum                 | DEBUG    | L=38: Using WKB initial conditions (S0=15.69, ╬║=3.9609)
2026-02-07 02:04:34 | continuum                 | DEBUG    | No ideal match point found for L=21, k=8.396; using fallback idx=4620 (r=7.63, r_turn_safe=6.40, r_coulomb_min=7.50)
2026-02-07 02:04:34 | continuum                 | DEBUG    | Phase unstable for L=21: ╬┤_ld varies by 0.3469 rad
2026-02-07 02:04:34 | continuum                 | DEBUG    | L= 21 [Rk45/lsq] r_m=7.6 Y_m=18.5998 ╬┤=+2.2797 A=2.29e-20
2026-02-07 02:04:34 | continuum                 | DEBUG    | ContinuumWave created | l=21, k=8.396 | chi_size=5735, idx_match=4620, grid_size=5735
2026-02-07 02:04:34 | continuum                 | DEBUG    | No ideal match point found for L=39, k=8.396; using fallback idx=4831 (r=14.17, r_turn_safe=11.76, r_coulomb_min=13.93)
2026-02-07 02:04:34 | continuum                 | DEBUG    | L=39: Starting at idx=4420 (r=4.25) due to barrier
2026-02-07 02:04:34 | continuum                 | DEBUG    | L=39: Using WKB initial conditions (S0=15.57, ╬║=3.9464)
2026-02-07 02:04:34 | continuum                 | DEBUG    | No ideal match point found for L=23, k=8.396; using fallback idx=4651 (r=8.36, r_turn_safe=7.00, r_coulomb_min=8.22)
2026-02-07 02:04:34 | continuum                 | DEBUG    | Phase unstable for L=23: ╬┤_ld varies by 0.2417 rad
2026-02-07 02:04:34 | continuum                 | DEBUG    | L= 23 [Rk45/lsq] r_m=8.4 Y_m=13.1717 ╬┤=+2.3923 A=2.42e-20
2026-02-07 02:04:34 | continuum                 | DEBUG    | ContinuumWave created | l=23, k=8.396 | chi_size=5735, idx_match=4651, grid_size=5735
2026-02-07 02:04:34 | continuum                 | DEBUG    | No ideal match point found for L=40, k=8.396; using fallback idx=4840 (r=14.54, r_turn_safe=12.06, r_coulomb_min=14.29)
2026-02-07 02:04:34 | continuum                 | DEBUG    | L=40: Starting at idx=4428 (r=4.35) due to barrier
2026-02-07 02:04:34 | continuum                 | DEBUG    | L=40: Using WKB initial conditions (S0=15.85, ╬║=3.9818)
2026-02-07 02:04:34 | continuum                 | DEBUG    | No ideal match point found for L=27, k=8.396; using fallback idx=4705 (r=9.79, r_turn_safe=8.19, r_coulomb_min=9.65)
2026-02-07 02:04:34 | continuum                 | DEBUG    | L= 27 [Rk45/lsq] r_m=9.8 Y_m=9.8589 ╬┤=+2.6446 A=2.49e-20
2026-02-07 02:04:34 | continuum                 | DEBUG    | ContinuumWave created | l=27, k=8.396 | chi_size=5735, idx_match=4705, grid_size=5735
2026-02-07 02:04:34 | continuum                 | DEBUG    | No ideal match point found for L=41, k=8.396; using fallback idx=4848 (r=14.89, r_turn_safe=12.36, r_coulomb_min=14.65)
2026-02-07 02:04:34 | continuum                 | DEBUG    | L=41: Starting at idx=4436 (r=4.45) due to barrier
2026-02-07 02:04:34 | continuum                 | DEBUG    | L=41: Using WKB initial conditions (S0=16.03, ╬║=4.0037)
2026-02-07 02:04:34 | continuum                 | DEBUG    | No ideal match point found for L=22, k=8.396; using fallback idx=4636 (r=8.00, r_turn_safe=6.70, r_coulomb_min=7.86)
2026-02-07 02:04:34 | continuum                 | DEBUG    | Phase unstable for L=22: ╬┤_ld varies by 0.3603 rad
2026-02-07 02:04:34 | continuum                 | DEBUG    | L= 22 [Rk45/lsq] r_m=8.0 Y_m=-4.3409 ╬┤=+2.3325 A=2.32e-20
2026-02-07 02:04:34 | continuum                 | DEBUG    | ContinuumWave created | l=22, k=8.396 | chi_size=5735, idx_match=4636, grid_size=5735
2026-02-07 02:04:34 | continuum                 | DEBUG    | No ideal match point found for L=42, k=8.396; using fallback idx=4856 (r=15.24, r_turn_safe=12.65, r_coulomb_min=15.01)
2026-02-07 02:04:34 | continuum                 | DEBUG    | L=42: Starting at idx=4445 (r=4.57) due to barrier
2026-02-07 02:04:34 | continuum                 | DEBUG    | L=42: Using WKB initial conditions (S0=15.60, ╬║=3.9491)
2026-02-07 02:04:34 | continuum                 | DEBUG    | No ideal match point found for L=18, k=8.396; using fallback idx=4567 (r=6.53, r_turn_safe=5.51, r_coulomb_min=6.43)
2026-02-07 02:04:34 | continuum                 | DEBUG    | Phase unstable for L=18: ╬┤_ld varies by 2.5793 rad
2026-02-07 02:04:34 | continuum                 | DEBUG    | L= 18 [Rk45/lsq] r_m=6.5 Y_m=-1.0067 ╬┤=+2.1313 A=2.11e-20
2026-02-07 02:04:34 | continuum                 | DEBUG    | ContinuumWave created | l=18, k=8.396 | chi_size=5735, idx_match=4567, grid_size=5735
2026-02-07 02:04:34 | continuum                 | DEBUG    | No ideal match point found for L=43, k=8.396; using fallback idx=4864 (r=15.61, r_turn_safe=12.95, r_coulomb_min=15.36)
2026-02-07 02:04:34 | continuum                 | DEBUG    | L=43: Starting at idx=4452 (r=4.66) due to barrier
2026-02-07 02:04:34 | continuum                 | DEBUG    | L=43: Using WKB initial conditions (S0=16.08, ╬║=4.0100)
2026-02-07 02:04:34 | continuum                 | DEBUG    | No ideal match point found for L=26, k=8.396; using fallback idx=4693 (r=9.45, r_turn_safe=7.89, r_coulomb_min=9.29)
2026-02-07 02:04:34 | continuum                 | DEBUG    | Phase unstable for L=26: ╬┤_ld varies by 0.1869 rad
2026-02-07 02:04:34 | continuum                 | DEBUG    | L= 26 [Rk45/lsq] r_m=9.5 Y_m=-8.1761 ╬┤=+2.5682 A=2.54e-20
2026-02-07 02:04:34 | continuum                 | DEBUG    | ContinuumWave created | l=26, k=8.396 | chi_size=5735, idx_match=4693, grid_size=5735
2026-02-07 02:04:34 | continuum                 | DEBUG    | No ideal match point found for L=44, k=8.396; using fallback idx=4872 (r=15.98, r_turn_safe=13.25, r_coulomb_min=15.72)
2026-02-07 02:04:34 | continuum                 | DEBUG    | L=44: Starting at idx=4460 (r=4.77) due to barrier
2026-02-07 02:04:34 | continuum                 | DEBUG    | L=44: Using WKB initial conditions (S0=15.96, ╬║=3.9955)
2026-02-07 02:04:34 | continuum                 | DEBUG    | No ideal match point found for L=29, k=8.396; using fallback idx=4730 (r=10.54, r_turn_safe=8.78, r_coulomb_min=10.36)
2026-02-07 02:04:34 | continuum                 | DEBUG    | L= 29 [Rk45/lsq] r_m=10.5 Y_m=5.4779 ╬┤=+2.7782 A=2.49e-20
2026-02-07 02:04:34 | continuum                 | DEBUG    | ContinuumWave created | l=29, k=8.396 | chi_size=5735, idx_match=4730, grid_size=5735
2026-02-07 02:04:34 | driver                    | DEBUG    | Precomputing waves: 30/46 (65%)
2026-02-07 02:04:34 | continuum                 | DEBUG    | No ideal match point found for L=45, k=8.396; using fallback idx=4880 (r=16.35, r_turn_safe=13.55, r_coulomb_min=16.08)
2026-02-07 02:04:34 | continuum                 | DEBUG    | L=45: Starting at idx=4468 (r=4.89) due to barrier
2026-02-07 02:04:34 | continuum                 | DEBUG    | L=45: Using WKB initial conditions (S0=15.76, ╬║=3.9700)
2026-02-07 02:04:34 | continuum                 | DEBUG    | No ideal match point found for L=30, k=8.396; using fallback idx=4741 (r=10.88, r_turn_safe=9.08, r_coulomb_min=10.72)
2026-02-07 02:04:34 | continuum                 | DEBUG    | L= 30 [Rk45/lsq] r_m=10.9 Y_m=-9.9146 ╬┤=+2.8220 A=2.55e-20
2026-02-07 02:04:34 | continuum                 | DEBUG    | ContinuumWave created | l=30, k=8.396 | chi_size=5735, idx_match=4741, grid_size=5735
2026-02-07 02:04:34 | continuum                 | DEBUG    | No ideal match point found for L=32, k=8.396; using fallback idx=4763 (r=11.61, r_turn_safe=9.68, r_coulomb_min=11.43)
2026-02-07 02:04:34 | continuum                 | DEBUG    | L= 32 [Rk45/lsq] r_m=11.6 Y_m=-13.2100 ╬┤=+2.9459 A=2.44e-20
2026-02-07 02:04:34 | continuum                 | DEBUG    | ContinuumWave created | l=32, k=8.396 | chi_size=5735, idx_match=4763, grid_size=5735
2026-02-07 02:04:34 | continuum                 | DEBUG    | No ideal match point found for L=33, k=8.396; using fallback idx=4774 (r=11.99, r_turn_safe=9.97, r_coulomb_min=11.79)
2026-02-07 02:04:34 | continuum                 | DEBUG    | L= 33 [Rk45/lsq] r_m=12.0 Y_m=2.7262 ╬┤=+3.0382 A=2.43e-20
2026-02-07 02:04:34 | continuum                 | DEBUG    | ContinuumWave created | l=33, k=8.396 | chi_size=5735, idx_match=4774, grid_size=5735
2026-02-07 02:04:35 | continuum                 | DEBUG    | No ideal match point found for L=36, k=8.396; using fallback idx=4804 (r=13.09, r_turn_safe=10.87, r_coulomb_min=12.86)
2026-02-07 02:04:35 | continuum                 | DEBUG    | Phase unstable for L=36: ╬┤_ld varies by 0.1954 rad
2026-02-07 02:04:35 | continuum                 | DEBUG    | L= 36 [Rk45/lsq] r_m=13.1 Y_m=-556.8281 ╬┤=-3.1295 A=2.13e-20
2026-02-07 02:04:35 | continuum                 | DEBUG    | ContinuumWave created | l=36, k=8.396 | chi_size=5735, idx_match=4804, grid_size=5735
2026-02-07 02:04:35 | continuum                 | DEBUG    | No ideal match point found for L=38, k=8.396; using fallback idx=4822 (r=13.80, r_turn_safe=11.46, r_coulomb_min=13.58)
2026-02-07 02:04:35 | continuum                 | DEBUG    | Phase unstable for L=38: ╬┤_ld varies by 2.8868 rad
2026-02-07 02:04:35 | continuum                 | DEBUG    | L= 38 [Rk45/lsq] r_m=13.8 Y_m=-1896.5381 ╬┤=-3.0652 A=2.00e-20
2026-02-07 02:04:35 | continuum                 | DEBUG    | ContinuumWave created | l=38, k=8.396 | chi_size=5735, idx_match=4822, grid_size=5735
2026-02-07 02:04:35 | continuum                 | DEBUG    | No ideal match point found for L=31, k=8.396; using fallback idx=4753 (r=11.27, r_turn_safe=9.38, r_coulomb_min=11.08)
2026-02-07 02:04:35 | continuum                 | DEBUG    | L= 31 [Rk45/lsq] r_m=11.3 Y_m=3.2778 ╬┤=+2.9113 A=2.50e-20
2026-02-07 02:04:35 | continuum                 | DEBUG    | ContinuumWave created | l=31, k=8.396 | chi_size=5735, idx_match=4753, grid_size=5735
2026-02-07 02:04:35 | continuum                 | DEBUG    | No ideal match point found for L=37, k=8.396; using fallback idx=4813 (r=13.44, r_turn_safe=11.16, r_coulomb_min=13.22)
2026-02-07 02:04:35 | continuum                 | DEBUG    | Phase unstable for L=37: ╬┤_ld varies by 0.1800 rad
2026-02-07 02:04:35 | continuum                 | DEBUG    | L= 37 [Rk45/lsq] r_m=13.4 Y_m=0.3635 ╬┤=-3.0464 A=2.13e-20
2026-02-07 02:04:35 | continuum                 | DEBUG    | ContinuumWave created | l=37, k=8.396 | chi_size=5735, idx_match=4813, grid_size=5735
2026-02-07 02:04:35 | continuum                 | DEBUG    | No ideal match point found for L=35, k=8.396; using fallback idx=4794 (r=12.71, r_turn_safe=10.57, r_coulomb_min=12.51)
2026-02-07 02:04:35 | continuum                 | DEBUG    | Phase unstable for L=35: ╬┤_ld varies by 0.1706 rad
2026-02-07 02:04:35 | continuum                 | DEBUG    | L= 35 [Rk45/lsq] r_m=12.7 Y_m=1.6525 ╬┤=-3.1328 A=2.29e-20
2026-02-07 02:04:35 | continuum                 | DEBUG    | ContinuumWave created | l=35, k=8.396 | chi_size=5735, idx_match=4794, grid_size=5735
2026-02-07 02:04:35 | continuum                 | DEBUG    | No ideal match point found for L=40, k=8.396; using fallback idx=4840 (r=14.54, r_turn_safe=12.06, r_coulomb_min=14.29)
2026-02-07 02:04:35 | continuum                 | DEBUG    | Phase unstable for L=40: ╬┤_ld varies by 0.3092 rad
2026-02-07 02:04:35 | continuum                 | DEBUG    | L= 40 [Rk45/lsq] r_m=14.5 Y_m=24.6858 ╬┤=-3.0370 A=1.91e-20
2026-02-07 02:04:35 | continuum                 | DEBUG    | ContinuumWave created | l=40, k=8.396 | chi_size=5735, idx_match=4840, grid_size=5735
2026-02-07 02:04:35 | continuum                 | DEBUG    | No ideal match point found for L=39, k=8.396; using fallback idx=4831 (r=14.17, r_turn_safe=11.76, r_coulomb_min=13.93)
2026-02-07 02:04:35 | continuum                 | DEBUG    | Phase unstable for L=39: ╬┤_ld varies by 0.2546 rad
2026-02-07 02:04:35 | continuum                 | DEBUG    | L= 39 [Rk45/lsq] r_m=14.2 Y_m=-0.9148 ╬┤=-2.9960 A=1.97e-20
2026-02-07 02:04:35 | continuum                 | DEBUG    | ContinuumWave created | l=39, k=8.396 | chi_size=5735, idx_match=4831, grid_size=5735
2026-02-07 02:04:35 | driver                    | DEBUG    | Precomputing waves: 40/46 (87%)
2026-02-07 02:04:35 | continuum                 | DEBUG    | No ideal match point found for L=34, k=8.396; using fallback idx=4784 (r=12.34, r_turn_safe=10.27, r_coulomb_min=12.15)
2026-02-07 02:04:35 | continuum                 | DEBUG    | Phase unstable for L=34: ╬┤_ld varies by 0.1313 rad
2026-02-07 02:04:35 | continuum                 | DEBUG    | L= 34 [Rk45/lsq] r_m=12.3 Y_m=-24.6621 ╬┤=+3.0591 A=2.37e-20
2026-02-07 02:04:35 | continuum                 | DEBUG    | ContinuumWave created | l=34, k=8.396 | chi_size=5735, idx_match=4784, grid_size=5735
2026-02-07 02:04:35 | continuum                 | DEBUG    | No ideal match point found for L=42, k=8.396; using fallback idx=4856 (r=15.24, r_turn_safe=12.65, r_coulomb_min=15.01)
2026-02-07 02:04:35 | continuum                 | DEBUG    | Phase unstable for L=42: ╬┤_ld varies by 0.3623 rad
2026-02-07 02:04:35 | continuum                 | DEBUG    | L= 42 [Rk45/lsq] r_m=15.2 Y_m=32.8753 ╬┤=-3.0357 A=1.79e-20
2026-02-07 02:04:35 | continuum                 | DEBUG    | ContinuumWave created | l=42, k=8.396 | chi_size=5735, idx_match=4856, grid_size=5735
2026-02-07 02:04:35 | continuum                 | DEBUG    | No ideal match point found for L=41, k=8.396; using fallback idx=4848 (r=14.89, r_turn_safe=12.36, r_coulomb_min=14.65)
2026-02-07 02:04:35 | continuum                 | DEBUG    | Phase unstable for L=41: ╬┤_ld varies by 0.2586 rad
2026-02-07 02:04:35 | continuum                 | DEBUG    | L= 41 [Rk45/lsq] r_m=14.9 Y_m=-1.9528 ╬┤=-2.9835 A=2.01e-20
2026-02-07 02:04:35 | continuum                 | DEBUG    | ContinuumWave created | l=41, k=8.396 | chi_size=5735, idx_match=4848, grid_size=5735
2026-02-07 02:04:35 | continuum                 | DEBUG    | No ideal match point found for L=43, k=8.396; using fallback idx=4864 (r=15.61, r_turn_safe=12.95, r_coulomb_min=15.36)
2026-02-07 02:04:35 | continuum                 | DEBUG    | Phase unstable for L=43: ╬┤_ld varies by 0.2979 rad
2026-02-07 02:04:35 | continuum                 | DEBUG    | L= 43 [Rk45/lsq] r_m=15.6 Y_m=-2.4402 ╬┤=-2.9895 A=2.04e-20
2026-02-07 02:04:35 | continuum                 | DEBUG    | ContinuumWave created | l=43, k=8.396 | chi_size=5735, idx_match=4864, grid_size=5735
2026-02-07 02:04:35 | continuum                 | DEBUG    | No ideal match point found for L=44, k=8.396; using fallback idx=4872 (r=15.98, r_turn_safe=13.25, r_coulomb_min=15.72)
2026-02-07 02:04:35 | continuum                 | DEBUG    | Phase unstable for L=44: ╬┤_ld varies by 0.4058 rad
2026-02-07 02:04:35 | continuum                 | DEBUG    | L= 44 [Rk45/lsq] r_m=16.0 Y_m=17.3703 ╬┤=-3.0309 A=1.93e-20
2026-02-07 02:04:35 | continuum                 | DEBUG    | ContinuumWave created | l=44, k=8.396 | chi_size=5735, idx_match=4872, grid_size=5735
2026-02-07 02:04:35 | continuum                 | DEBUG    | No ideal match point found for L=45, k=8.396; using fallback idx=4880 (r=16.35, r_turn_safe=13.55, r_coulomb_min=16.08)
2026-02-07 02:04:35 | continuum                 | DEBUG    | Phase unstable for L=45: ╬┤_ld varies by 0.3122 rad
2026-02-07 02:04:35 | continuum                 | DEBUG    | L= 45 [Rk45/lsq] r_m=16.4 Y_m=-5.7599 ╬┤=-2.9741 A=2.06e-20
2026-02-07 02:04:35 | continuum                 | DEBUG    | ContinuumWave created | l=45, k=8.396 | chi_size=5735, idx_match=4880, grid_size=5735
2026-02-07 02:04:35 | driver                    | DEBUG    | Precomputing waves: 46/46 (100%)
2026-02-07 02:04:35 | driver                    | INFO     | Continuum waves computed (E=959.19 eV): Rk45/lsq: 46
2026-02-07 02:04:35 | driver                    | DEBUG    | Pre-calc: Done in 10.713 s. (Cached 31 i-waves, 46 f-waves)
2026-02-07 02:04:35 | driver                    | DEBUG    | GPU: Created energy-level cache (max_chi_cached=20)
2026-02-07 02:04:35 | dwba_matrix_elements      | DEBUG    | radial_ME_all_L_gpu ENTRY | N_grid=5735 | V_core=5735, U_i=5735 | bound_i.u=5735, bound_f.u=5735 | cont_i.chi=5735 (idx_m=4014), cont_f.chi=5735 (idx_m=4014)
2026-02-07 02:04:35 | dwba_matrix_elements      | DEBUG    | radial_ME_all_L_gpu ENTRY | U_f=5735
2026-02-07 02:04:35 | dwba_matrix_elements      | DEBUG    | GPU: Filon extended matrix ready (4015├Ś5735)
2026-02-07 02:04:36 | dwba_matrix_elements      | INFO     | GPU mode: Filon/full-matrix
2026-02-07 02:04:36 | oscillatory_integrals     | DEBUG    | Outer integral: using Filon (|╬Ž''|├Śh┬▓=1.73e-07 < 0.1)
2026-02-07 02:04:36 | oscillatory_integrals     | DEBUG    | Outer integral: using Filon (|╬Ž''|├Śh┬▓=4.94e-08 < 0.1)
2026-02-07 02:04:38 | dwba_matrix_elements      | DEBUG    | radial_ME_all_L_gpu ENTRY | N_grid=5735 | V_core=5735, U_i=5735 | bound_i.u=5735, bound_f.u=5735 | cont_i.chi=5735 (idx_m=4014), cont_f.chi=5735 (idx_m=4014)
2026-02-07 02:04:38 | dwba_matrix_elements      | DEBUG    | radial_ME_all_L_gpu ENTRY | U_f=5735
2026-02-07 02:04:38 | dwba_matrix_elements      | DEBUG    | GPU: Filon extended matrix ready (4015├Ś5735)
2026-02-07 02:05:09 | driver                    | DEBUG    | l_i=0 done. Sigma=4.883e-22 (dL/L=1.0e+00)
2026-02-07 02:08:41 | oscillatory_integrals     | DEBUG    | Outer integral: using Filon (|╬Ž''|├Śh┬▓=4.45e-08 < 0.1)
2026-02-07 02:10:58 | driver                    | DEBUG    | l_i=5 done. Sigma=1.141e-19 (dL/L=1.3e-01)
2026-02-07 02:13:24 | oscillatory_integrals     | DEBUG    | Outer integral: using Filon (|╬Ž''|├Śh┬▓=3.17e-08 < 0.1)
2026-02-07 02:16:30 | driver                    | INFO     | Summing: l_i=10/30 (Elapsed: 715.2s, ETA: 1430.3s)
2026-02-07 02:18:34 | driver                    | DEBUG    | l_i=10 done. Sigma=3.072e-19 (dL/L=2.5e-01)
2026-02-07 02:54:30 | oscillatory_integrals     | DEBUG    | Outer integral: using Filon (|╬Ž''|├Śh┬▓=8.65e-09 < 0.1)
